<?xml version="1.0" encoding="UTF-8"?>
<testng-results skipped="10" failed="3" total="15" passed="2">
  <reporter-output>
  </reporter-output>
<<<<<<< HEAD
  <suite name="TestSuite" duration-ms="1205589" started-at="2016-09-20T18:13:11Z" finished-at="2016-09-20T18:33:17Z">
    <groups>
    </groups>
    <test name="Chrome Test" duration-ms="1146974" started-at="2016-09-20T18:13:11Z" finished-at="2016-09-20T18:32:18Z">
      <class name="test.TestMenuNG">
        <test-method status="PASS" signature="beforeMethod(java.lang.String)[pri:0, instance:test.TestMenuNG@490d6c15]" name="beforeMethod" is-config="true" duration-ms="90505" started-at="2016-09-20T23:43:11Z" finished-at="2016-09-20T23:44:42Z">
=======
  <suite name="TestSuite" duration-ms="292139" started-at="2016-09-09T11:58:10Z" finished-at="2016-09-09T12:03:02Z">
    <groups>
    </groups>
    <test name="Chrome Test" duration-ms="245872" started-at="2016-09-09T11:58:10Z" finished-at="2016-09-09T12:02:16Z">
      <class name="test.TestMenuNG">
        <test-method status="PASS" signature="beforeMethod(java.lang.String)[pri:0, instance:test.TestMenuNG@16905e]" name="beforeMethod" is-config="true" duration-ms="103565" started-at="2016-09-09T17:28:10Z" finished-at="2016-09-09T17:29:54Z">
>>>>>>> 056f607fe04629a0da7b9108a09baadfa9722cec
          <params>
            <param index="0">
              <value>
                <![CDATA[chrome]]>
              </value>
            </param>
          </params>
          <reporter-output>
          </reporter-output>
        </test-method> <!-- beforeMethod -->
<<<<<<< HEAD
        <test-method status="PASS" signature="TopMenuBar()[pri:0, instance:test.TestMenuNG@490d6c15]" name="TopMenuBar" duration-ms="6681" started-at="2016-09-20T23:44:42Z" finished-at="2016-09-20T23:44:48Z">
          <reporter-output>
          </reporter-output>
        </test-method> <!-- TopMenuBar -->
        <test-method status="PASS" signature="afterMethod()[pri:0, instance:test.TestMenuNG@490d6c15]" name="afterMethod" is-config="true" duration-ms="301" started-at="2016-09-20T23:44:48Z" finished-at="2016-09-20T23:44:49Z">
          <reporter-output>
          </reporter-output>
        </test-method> <!-- afterMethod -->
        <test-method status="PASS" signature="beforeMethod(java.lang.String)[pri:0, instance:test.TestMenuNG@490d6c15]" name="beforeMethod" is-config="true" duration-ms="88131" started-at="2016-09-20T23:44:49Z" finished-at="2016-09-20T23:46:17Z">
=======
        <test-method status="PASS" signature="TopMenuBar()[pri:0, instance:test.TestMenuNG@16905e]" name="TopMenuBar" duration-ms="1496" started-at="2016-09-09T17:29:54Z" finished-at="2016-09-09T17:29:55Z">
          <reporter-output>
          </reporter-output>
        </test-method> <!-- TopMenuBar -->
        <test-method status="PASS" signature="afterMethod()[pri:0, instance:test.TestMenuNG@16905e]" name="afterMethod" is-config="true" duration-ms="2306" started-at="2016-09-09T17:29:55Z" finished-at="2016-09-09T17:29:58Z">
          <reporter-output>
          </reporter-output>
        </test-method> <!-- afterMethod -->
        <test-method status="PASS" signature="beforeMethod(java.lang.String)[pri:0, instance:test.TestMenuNG@16905e]" name="beforeMethod" is-config="true" duration-ms="12946" started-at="2016-09-09T17:29:58Z" finished-at="2016-09-09T17:30:11Z">
>>>>>>> 056f607fe04629a0da7b9108a09baadfa9722cec
          <params>
            <param index="0">
              <value>
                <![CDATA[chrome]]>
              </value>
            </param>
          </params>
          <reporter-output>
          </reporter-output>
        </test-method> <!-- beforeMethod -->
<<<<<<< HEAD
        <test-method status="PASS" signature="TicketPrice()[pri:1, instance:test.TestMenuNG@490d6c15]" name="TicketPrice" duration-ms="681854" started-at="2016-09-20T23:46:17Z" finished-at="2016-09-20T23:57:39Z">
          <reporter-output>
          </reporter-output>
        </test-method> <!-- TicketPrice -->
        <test-method status="PASS" signature="afterMethod()[pri:0, instance:test.TestMenuNG@490d6c15]" name="afterMethod" is-config="true" duration-ms="1576" started-at="2016-09-20T23:57:39Z" finished-at="2016-09-20T23:57:41Z">
          <reporter-output>
          </reporter-output>
        </test-method> <!-- afterMethod -->
        <test-method status="PASS" signature="beforeMethod(java.lang.String)[pri:0, instance:test.TestMenuNG@490d6c15]" name="beforeMethod" is-config="true" duration-ms="74234" started-at="2016-09-20T23:57:41Z" finished-at="2016-09-20T23:58:55Z">
=======
        <test-method status="PASS" signature="TicketPrice()[pri:1, instance:test.TestMenuNG@16905e]" name="TicketPrice" duration-ms="76323" started-at="2016-09-09T17:30:11Z" finished-at="2016-09-09T17:31:27Z">
          <reporter-output>
          </reporter-output>
        </test-method> <!-- TicketPrice -->
        <test-method status="PASS" signature="afterMethod()[pri:0, instance:test.TestMenuNG@16905e]" name="afterMethod" is-config="true" duration-ms="2318" started-at="2016-09-09T17:31:27Z" finished-at="2016-09-09T17:31:29Z">
          <reporter-output>
          </reporter-output>
        </test-method> <!-- afterMethod -->
        <test-method status="PASS" signature="beforeMethod(java.lang.String)[pri:0, instance:test.TestMenuNG@16905e]" name="beforeMethod" is-config="true" duration-ms="11906" started-at="2016-09-09T17:31:29Z" finished-at="2016-09-09T17:31:41Z">
>>>>>>> 056f607fe04629a0da7b9108a09baadfa9722cec
          <params>
            <param index="0">
              <value>
                <![CDATA[chrome]]>
              </value>
            </param>
          </params>
<<<<<<< HEAD
          <reporter-output>
          </reporter-output>
        </test-method> <!-- beforeMethod -->
        <test-method status="FAIL" signature="MapSection()[pri:2, instance:test.TestMenuNG@490d6c15]" name="MapSection" duration-ms="64314" started-at="2016-09-20T23:58:55Z" finished-at="2016-09-20T23:59:59Z">
          <exception class="org.openqa.selenium.StaleElementReferenceException">
            <message>
              <![CDATA[stale element reference: element is not attached to the page document
  (Session info: chrome=53.0.2785.116)
  (Driver info: chromedriver=2.22.397933 (1cab651507b88dec79b2b2a22d1943c01833cc1b),platform=Windows NT 10.0.10586 x86_64) (WARNING: The server did not provide any stacktrace information)
Command duration or timeout: 11 milliseconds
For documentation on this error, please visit: http://seleniumhq.org/exceptions/stale_element_reference.html
Build info: version: '2.53.0', revision: '35ae25b', time: '2016-03-15 17:00:58'
System info: host: 'LAPTOP-KCS3PNGF', ip: '10.10.12.14', os.name: 'Windows 10', os.arch: 'amd64', os.version: '10.0', java.version: '1.8.0_91'
Driver info: org.openqa.selenium.chrome.ChromeDriver
Capabilities [{applicationCacheEnabled=false, rotatable=false, mobileEmulationEnabled=false, chrome={chromedriverVersion=2.22.397933 (1cab651507b88dec79b2b2a22d1943c01833cc1b), userDataDir=C:\Users\amit\AppData\Local\Temp\scoped_dir5872_28606}, takesHeapSnapshot=true, databaseEnabled=false, handlesAlerts=true, hasTouchScreen=false, version=53.0.2785.116, platform=XP, browserConnectionEnabled=false, nativeEvents=true, acceptSslCerts=true, locationContextEnabled=true, webStorageEnabled=true, browserName=chrome, takesScreenshot=true, javascriptEnabled=true, cssSelectorsEnabled=true}]
Session ID: 5710f3366c491d560e08b8bb8d0ee6a8]]>
            </message>
            <full-stacktrace>
              <![CDATA[org.openqa.selenium.StaleElementReferenceException: stale element reference: element is not attached to the page document
  (Session info: chrome=53.0.2785.116)
  (Driver info: chromedriver=2.22.397933 (1cab651507b88dec79b2b2a22d1943c01833cc1b),platform=Windows NT 10.0.10586 x86_64) (WARNING: The server did not provide any stacktrace information)
Command duration or timeout: 11 milliseconds
For documentation on this error, please visit: http://seleniumhq.org/exceptions/stale_element_reference.html
Build info: version: '2.53.0', revision: '35ae25b', time: '2016-03-15 17:00:58'
System info: host: 'LAPTOP-KCS3PNGF', ip: '10.10.12.14', os.name: 'Windows 10', os.arch: 'amd64', os.version: '10.0', java.version: '1.8.0_91'
Driver info: org.openqa.selenium.chrome.ChromeDriver
Capabilities [{applicationCacheEnabled=false, rotatable=false, mobileEmulationEnabled=false, chrome={chromedriverVersion=2.22.397933 (1cab651507b88dec79b2b2a22d1943c01833cc1b), userDataDir=C:\Users\amit\AppData\Local\Temp\scoped_dir5872_28606}, takesHeapSnapshot=true, databaseEnabled=false, handlesAlerts=true, hasTouchScreen=false, version=53.0.2785.116, platform=XP, browserConnectionEnabled=false, nativeEvents=true, acceptSslCerts=true, locationContextEnabled=true, webStorageEnabled=true, browserName=chrome, takesScreenshot=true, javascriptEnabled=true, cssSelectorsEnabled=true}]
Session ID: 5710f3366c491d560e08b8bb8d0ee6a8
	at sun.reflect.NativeConstructorAccessorImpl.newInstance0(Native Method)
	at sun.reflect.NativeConstructorAccessorImpl.newInstance(Unknown Source)
	at sun.reflect.DelegatingConstructorAccessorImpl.newInstance(Unknown Source)
	at java.lang.reflect.Constructor.newInstance(Unknown Source)
	at org.openqa.selenium.remote.ErrorHandler.createThrowable(ErrorHandler.java:206)
	at org.openqa.selenium.remote.ErrorHandler.throwIfResponseFailed(ErrorHandler.java:158)
	at org.openqa.selenium.remote.RemoteWebDriver.execute(RemoteWebDriver.java:678)
	at org.openqa.selenium.remote.RemoteWebElement.execute(RemoteWebElement.java:327)
	at org.openqa.selenium.remote.RemoteWebElement.isDisplayed(RemoteWebElement.java:368)
	at org.openqa.selenium.support.ui.ExpectedConditions.elementIfVisible(ExpectedConditions.java:302)
	at org.openqa.selenium.support.ui.ExpectedConditions.access$1(ExpectedConditions.java:301)
	at org.openqa.selenium.support.ui.ExpectedConditions$10.apply(ExpectedConditions.java:288)
	at org.openqa.selenium.support.ui.ExpectedConditions$10.apply(ExpectedConditions.java:1)
	at org.openqa.selenium.support.ui.ExpectedConditions$23.apply(ExpectedConditions.java:687)
	at org.openqa.selenium.support.ui.ExpectedConditions$23.apply(ExpectedConditions.java:1)
	at org.openqa.selenium.support.ui.FluentWait.until(FluentWait.java:238)
	at test.TestMenuNG.MapSection(TestMenuNG.java:80)
	at sun.reflect.NativeMethodAccessorImpl.invoke0(Native Method)
	at sun.reflect.NativeMethodAccessorImpl.invoke(Unknown Source)
	at sun.reflect.DelegatingMethodAccessorImpl.invoke(Unknown Source)
	at java.lang.reflect.Method.invoke(Unknown Source)
	at org.testng.internal.MethodInvocationHelper.invokeMethod(MethodInvocationHelper.java:85)
	at org.testng.internal.Invoker.invokeMethod(Invoker.java:639)
	at org.testng.internal.Invoker.invokeTestMethod(Invoker.java:816)
	at org.testng.internal.Invoker.invokeTestMethods(Invoker.java:1124)
	at org.testng.internal.TestMethodWorker.invokeTestMethods(TestMethodWorker.java:125)
	at org.testng.internal.TestMethodWorker.run(TestMethodWorker.java:108)
	at org.testng.TestRunner.privateRun(TestRunner.java:774)
	at org.testng.TestRunner.run(TestRunner.java:624)
	at org.testng.SuiteRunner.runTest(SuiteRunner.java:359)
	at org.testng.SuiteRunner.runSequentially(SuiteRunner.java:354)
	at org.testng.SuiteRunner.privateRun(SuiteRunner.java:312)
	at org.testng.SuiteRunner.run(SuiteRunner.java:261)
	at org.testng.SuiteRunnerWorker.runSuite(SuiteRunnerWorker.java:52)
	at org.testng.SuiteRunnerWorker.run(SuiteRunnerWorker.java:86)
	at org.testng.TestNG.runSuitesSequentially(TestNG.java:1215)
	at org.testng.TestNG.runSuitesLocally(TestNG.java:1140)
	at org.testng.TestNG.run(TestNG.java:1048)
	at org.testng.TestNG.privateMain(TestNG.java:1355)
	at org.testng.TestNG.main(TestNG.java:1324)
]]>
            </full-stacktrace>
          </exception> <!-- org.openqa.selenium.StaleElementReferenceException -->
          <reporter-output>
          </reporter-output>
        </test-method> <!-- MapSection -->
        <test-method status="PASS" signature="afterMethod()[pri:0, instance:test.TestMenuNG@490d6c15]" name="afterMethod" is-config="true" duration-ms="442" started-at="2016-09-20T23:59:59Z" finished-at="2016-09-21T00:00:00Z">
          <reporter-output>
          </reporter-output>
        </test-method> <!-- afterMethod -->
        <test-method status="PASS" signature="beforeMethod(java.lang.String)[pri:0, instance:test.TestMenuNG@490d6c15]" name="beforeMethod" is-config="true" duration-ms="67132" started-at="2016-09-21T00:00:00Z" finished-at="2016-09-21T00:01:07Z">
=======
          <reporter-output>
          </reporter-output>
        </test-method> <!-- beforeMethod -->
        <test-method status="FAIL" signature="MapSection()[pri:2, instance:test.TestMenuNG@16905e]" name="MapSection" duration-ms="6257" started-at="2016-09-09T17:31:41Z" finished-at="2016-09-09T17:31:47Z">
          <exception class="org.openqa.selenium.StaleElementReferenceException">
            <message>
              <![CDATA[stale element reference: element is not attached to the page document
  (Session info: chrome=52.0.2743.116)
  (Driver info: chromedriver=2.22.397933 (1cab651507b88dec79b2b2a22d1943c01833cc1b),platform=Windows NT 6.3.9600 x86_64) (WARNING: The server did not provide any stacktrace information)
Command duration or timeout: 5 milliseconds
For documentation on this error, please visit: http://seleniumhq.org/exceptions/stale_element_reference.html
Build info: version: '2.53.0', revision: '35ae25b', time: '2016-03-15 17:00:58'
System info: host: 'amit', ip: '192.168.0.13', os.name: 'Windows 8.1', os.arch: 'x86', os.version: '6.3', java.version: '1.8.0_45'
Driver info: org.openqa.selenium.chrome.ChromeDriver
Capabilities [{applicationCacheEnabled=false, rotatable=false, mobileEmulationEnabled=false, chrome={chromedriverVersion=2.22.397933 (1cab651507b88dec79b2b2a22d1943c01833cc1b), userDataDir=C:\Users\AMIT1~1\AppData\Local\Temp\scoped_dir7536_20395}, takesHeapSnapshot=true, databaseEnabled=false, handlesAlerts=true, hasTouchScreen=false, version=52.0.2743.116, platform=WIN8_1, browserConnectionEnabled=false, nativeEvents=true, acceptSslCerts=true, locationContextEnabled=true, webStorageEnabled=true, browserName=chrome, takesScreenshot=true, javascriptEnabled=true, cssSelectorsEnabled=true}]
Session ID: cfe5f615cc38cdd3acf9384f8c720a83]]>
            </message>
            <full-stacktrace>
              <![CDATA[org.openqa.selenium.StaleElementReferenceException: stale element reference: element is not attached to the page document
  (Session info: chrome=52.0.2743.116)
  (Driver info: chromedriver=2.22.397933 (1cab651507b88dec79b2b2a22d1943c01833cc1b),platform=Windows NT 6.3.9600 x86_64) (WARNING: The server did not provide any stacktrace information)
Command duration or timeout: 5 milliseconds
For documentation on this error, please visit: http://seleniumhq.org/exceptions/stale_element_reference.html
Build info: version: '2.53.0', revision: '35ae25b', time: '2016-03-15 17:00:58'
System info: host: 'amit', ip: '192.168.0.13', os.name: 'Windows 8.1', os.arch: 'x86', os.version: '6.3', java.version: '1.8.0_45'
Driver info: org.openqa.selenium.chrome.ChromeDriver
Capabilities [{applicationCacheEnabled=false, rotatable=false, mobileEmulationEnabled=false, chrome={chromedriverVersion=2.22.397933 (1cab651507b88dec79b2b2a22d1943c01833cc1b), userDataDir=C:\Users\AMIT1~1\AppData\Local\Temp\scoped_dir7536_20395}, takesHeapSnapshot=true, databaseEnabled=false, handlesAlerts=true, hasTouchScreen=false, version=52.0.2743.116, platform=WIN8_1, browserConnectionEnabled=false, nativeEvents=true, acceptSslCerts=true, locationContextEnabled=true, webStorageEnabled=true, browserName=chrome, takesScreenshot=true, javascriptEnabled=true, cssSelectorsEnabled=true}]
Session ID: cfe5f615cc38cdd3acf9384f8c720a83
	at sun.reflect.NativeConstructorAccessorImpl.newInstance0(Native Method)
	at sun.reflect.NativeConstructorAccessorImpl.newInstance(Unknown Source)
	at sun.reflect.DelegatingConstructorAccessorImpl.newInstance(Unknown Source)
	at java.lang.reflect.Constructor.newInstance(Unknown Source)
	at org.openqa.selenium.remote.ErrorHandler.createThrowable(ErrorHandler.java:206)
	at org.openqa.selenium.remote.ErrorHandler.throwIfResponseFailed(ErrorHandler.java:158)
	at org.openqa.selenium.remote.RemoteWebDriver.execute(RemoteWebDriver.java:678)
	at org.openqa.selenium.remote.RemoteWebElement.execute(RemoteWebElement.java:327)
	at org.openqa.selenium.remote.RemoteWebElement.isDisplayed(RemoteWebElement.java:368)
	at org.openqa.selenium.support.ui.ExpectedConditions.elementIfVisible(ExpectedConditions.java:302)
	at org.openqa.selenium.support.ui.ExpectedConditions.access$1(ExpectedConditions.java:301)
	at org.openqa.selenium.support.ui.ExpectedConditions$10.apply(ExpectedConditions.java:288)
	at org.openqa.selenium.support.ui.ExpectedConditions$10.apply(ExpectedConditions.java:1)
	at org.openqa.selenium.support.ui.ExpectedConditions$23.apply(ExpectedConditions.java:687)
	at org.openqa.selenium.support.ui.ExpectedConditions$23.apply(ExpectedConditions.java:1)
	at org.openqa.selenium.support.ui.FluentWait.until(FluentWait.java:238)
	at test.TestMenuNG.MapSection(TestMenuNG.java:77)
	at sun.reflect.NativeMethodAccessorImpl.invoke0(Native Method)
	at sun.reflect.NativeMethodAccessorImpl.invoke(Unknown Source)
	at sun.reflect.DelegatingMethodAccessorImpl.invoke(Unknown Source)
	at java.lang.reflect.Method.invoke(Unknown Source)
	at org.testng.internal.MethodInvocationHelper.invokeMethod(MethodInvocationHelper.java:100)
	at org.testng.internal.Invoker.invokeMethod(Invoker.java:646)
	at org.testng.internal.Invoker.invokeTestMethod(Invoker.java:811)
	at org.testng.internal.Invoker.invokeTestMethods(Invoker.java:1129)
	at org.testng.internal.TestMethodWorker.invokeTestMethods(TestMethodWorker.java:129)
	at org.testng.internal.TestMethodWorker.run(TestMethodWorker.java:112)
	at org.testng.TestRunner.privateRun(TestRunner.java:746)
	at org.testng.TestRunner.run(TestRunner.java:600)
	at org.testng.SuiteRunner.runTest(SuiteRunner.java:366)
	at org.testng.SuiteRunner.runSequentially(SuiteRunner.java:361)
	at org.testng.SuiteRunner.privateRun(SuiteRunner.java:319)
	at org.testng.SuiteRunner.run(SuiteRunner.java:268)
	at org.testng.SuiteRunnerWorker.runSuite(SuiteRunnerWorker.java:52)
	at org.testng.SuiteRunnerWorker.run(SuiteRunnerWorker.java:86)
	at org.testng.TestNG.runSuitesSequentially(TestNG.java:1264)
	at org.testng.TestNG.runSuitesLocally(TestNG.java:1189)
	at org.testng.TestNG.runSuites(TestNG.java:1104)
	at org.testng.TestNG.run(TestNG.java:1076)
	at org.testng.remote.AbstractRemoteTestNG.run(AbstractRemoteTestNG.java:126)
	at org.testng.remote.RemoteTestNG.initAndRun(RemoteTestNG.java:152)
	at org.testng.remote.RemoteTestNG.main(RemoteTestNG.java:57)
]]>
            </full-stacktrace>
          </exception> <!-- org.openqa.selenium.StaleElementReferenceException -->
          <reporter-output>
          </reporter-output>
        </test-method> <!-- MapSection -->
        <test-method status="PASS" signature="afterMethod()[pri:0, instance:test.TestMenuNG@16905e]" name="afterMethod" is-config="true" duration-ms="2316" started-at="2016-09-09T17:31:47Z" finished-at="2016-09-09T17:31:50Z">
          <reporter-output>
          </reporter-output>
        </test-method> <!-- afterMethod -->
        <test-method status="PASS" signature="beforeMethod(java.lang.String)[pri:0, instance:test.TestMenuNG@16905e]" name="beforeMethod" is-config="true" duration-ms="10047" started-at="2016-09-09T17:31:50Z" finished-at="2016-09-09T17:32:00Z">
>>>>>>> 056f607fe04629a0da7b9108a09baadfa9722cec
          <params>
            <param index="0">
              <value>
                <![CDATA[chrome]]>
              </value>
            </param>
          </params>
          <reporter-output>
          </reporter-output>
        </test-method> <!-- beforeMethod -->
<<<<<<< HEAD
        <test-method status="FAIL" signature="PremiumView()[pri:3, instance:test.TestMenuNG@490d6c15]" name="PremiumView" duration-ms="1018" started-at="2016-09-21T00:01:07Z" finished-at="2016-09-21T00:01:08Z">
          <exception class="org.openqa.selenium.WebDriverException">
            <message>
              <![CDATA[unknown error: Element is not clickable at point (91, 31). Other element would receive the click: <div id="loaderBig" style="display: block; width: 1366px; height: 100%;">...</div>
  (Session info: chrome=53.0.2785.116)
  (Driver info: chromedriver=2.22.397933 (1cab651507b88dec79b2b2a22d1943c01833cc1b),platform=Windows NT 10.0.10586 x86_64) (WARNING: The server did not provide any stacktrace information)
Command duration or timeout: 575 milliseconds
Build info: version: '2.53.0', revision: '35ae25b', time: '2016-03-15 17:00:58'
System info: host: 'LAPTOP-KCS3PNGF', ip: '10.10.12.14', os.name: 'Windows 10', os.arch: 'amd64', os.version: '10.0', java.version: '1.8.0_91'
Driver info: org.openqa.selenium.chrome.ChromeDriver
Capabilities [{applicationCacheEnabled=false, rotatable=false, mobileEmulationEnabled=false, chrome={chromedriverVersion=2.22.397933 (1cab651507b88dec79b2b2a22d1943c01833cc1b), userDataDir=C:\Users\amit\AppData\Local\Temp\scoped_dir9388_14516}, takesHeapSnapshot=true, databaseEnabled=false, handlesAlerts=true, hasTouchScreen=false, version=53.0.2785.116, platform=XP, browserConnectionEnabled=false, nativeEvents=true, acceptSslCerts=true, locationContextEnabled=true, webStorageEnabled=true, browserName=chrome, takesScreenshot=true, javascriptEnabled=true, cssSelectorsEnabled=true}]
Session ID: 3fe960af22c4e978cfad1936d34706a7]]>
            </message>
            <full-stacktrace>
              <![CDATA[org.openqa.selenium.WebDriverException: unknown error: Element is not clickable at point (91, 31). Other element would receive the click: <div id="loaderBig" style="display: block; width: 1366px; height: 100%;">...</div>
  (Session info: chrome=53.0.2785.116)
  (Driver info: chromedriver=2.22.397933 (1cab651507b88dec79b2b2a22d1943c01833cc1b),platform=Windows NT 10.0.10586 x86_64) (WARNING: The server did not provide any stacktrace information)
Command duration or timeout: 575 milliseconds
Build info: version: '2.53.0', revision: '35ae25b', time: '2016-03-15 17:00:58'
System info: host: 'LAPTOP-KCS3PNGF', ip: '10.10.12.14', os.name: 'Windows 10', os.arch: 'amd64', os.version: '10.0', java.version: '1.8.0_91'
Driver info: org.openqa.selenium.chrome.ChromeDriver
Capabilities [{applicationCacheEnabled=false, rotatable=false, mobileEmulationEnabled=false, chrome={chromedriverVersion=2.22.397933 (1cab651507b88dec79b2b2a22d1943c01833cc1b), userDataDir=C:\Users\amit\AppData\Local\Temp\scoped_dir9388_14516}, takesHeapSnapshot=true, databaseEnabled=false, handlesAlerts=true, hasTouchScreen=false, version=53.0.2785.116, platform=XP, browserConnectionEnabled=false, nativeEvents=true, acceptSslCerts=true, locationContextEnabled=true, webStorageEnabled=true, browserName=chrome, takesScreenshot=true, javascriptEnabled=true, cssSelectorsEnabled=true}]
Session ID: 3fe960af22c4e978cfad1936d34706a7
=======
        <test-method status="FAIL" signature="PremiumView()[pri:3, instance:test.TestMenuNG@16905e]" name="PremiumView" duration-ms="2105" started-at="2016-09-09T17:32:00Z" finished-at="2016-09-09T17:32:02Z">
          <exception class="org.openqa.selenium.WebDriverException">
            <message>
              <![CDATA[unknown error: Element is not clickable at point (91, 31). Other element would receive the click: <div id="loaderBig" style="display: block; width: 1366px; height: 100%;">...</div>
  (Session info: chrome=52.0.2743.116)
  (Driver info: chromedriver=2.22.397933 (1cab651507b88dec79b2b2a22d1943c01833cc1b),platform=Windows NT 6.3.9600 x86_64) (WARNING: The server did not provide any stacktrace information)
Command duration or timeout: 40 milliseconds
Build info: version: '2.53.0', revision: '35ae25b', time: '2016-03-15 17:00:58'
System info: host: 'amit', ip: '192.168.0.13', os.name: 'Windows 8.1', os.arch: 'x86', os.version: '6.3', java.version: '1.8.0_45'
Driver info: org.openqa.selenium.chrome.ChromeDriver
Capabilities [{applicationCacheEnabled=false, rotatable=false, mobileEmulationEnabled=false, chrome={chromedriverVersion=2.22.397933 (1cab651507b88dec79b2b2a22d1943c01833cc1b), userDataDir=C:\Users\AMIT1~1\AppData\Local\Temp\scoped_dir9184_28706}, takesHeapSnapshot=true, databaseEnabled=false, handlesAlerts=true, hasTouchScreen=false, version=52.0.2743.116, platform=WIN8_1, browserConnectionEnabled=false, nativeEvents=true, acceptSslCerts=true, locationContextEnabled=true, webStorageEnabled=true, browserName=chrome, takesScreenshot=true, javascriptEnabled=true, cssSelectorsEnabled=true}]
Session ID: d6327ae8069d50ebbf34eba8064fee98]]>
            </message>
            <full-stacktrace>
              <![CDATA[org.openqa.selenium.WebDriverException: unknown error: Element is not clickable at point (91, 31). Other element would receive the click: <div id="loaderBig" style="display: block; width: 1366px; height: 100%;">...</div>
  (Session info: chrome=52.0.2743.116)
  (Driver info: chromedriver=2.22.397933 (1cab651507b88dec79b2b2a22d1943c01833cc1b),platform=Windows NT 6.3.9600 x86_64) (WARNING: The server did not provide any stacktrace information)
Command duration or timeout: 40 milliseconds
Build info: version: '2.53.0', revision: '35ae25b', time: '2016-03-15 17:00:58'
System info: host: 'amit', ip: '192.168.0.13', os.name: 'Windows 8.1', os.arch: 'x86', os.version: '6.3', java.version: '1.8.0_45'
Driver info: org.openqa.selenium.chrome.ChromeDriver
Capabilities [{applicationCacheEnabled=false, rotatable=false, mobileEmulationEnabled=false, chrome={chromedriverVersion=2.22.397933 (1cab651507b88dec79b2b2a22d1943c01833cc1b), userDataDir=C:\Users\AMIT1~1\AppData\Local\Temp\scoped_dir9184_28706}, takesHeapSnapshot=true, databaseEnabled=false, handlesAlerts=true, hasTouchScreen=false, version=52.0.2743.116, platform=WIN8_1, browserConnectionEnabled=false, nativeEvents=true, acceptSslCerts=true, locationContextEnabled=true, webStorageEnabled=true, browserName=chrome, takesScreenshot=true, javascriptEnabled=true, cssSelectorsEnabled=true}]
Session ID: d6327ae8069d50ebbf34eba8064fee98
>>>>>>> 056f607fe04629a0da7b9108a09baadfa9722cec
	at sun.reflect.NativeConstructorAccessorImpl.newInstance0(Native Method)
	at sun.reflect.NativeConstructorAccessorImpl.newInstance(Unknown Source)
	at sun.reflect.DelegatingConstructorAccessorImpl.newInstance(Unknown Source)
	at java.lang.reflect.Constructor.newInstance(Unknown Source)
	at org.openqa.selenium.remote.ErrorHandler.createThrowable(ErrorHandler.java:206)
	at org.openqa.selenium.remote.ErrorHandler.throwIfResponseFailed(ErrorHandler.java:158)
	at org.openqa.selenium.remote.RemoteWebDriver.execute(RemoteWebDriver.java:678)
	at org.openqa.selenium.remote.RemoteWebElement.execute(RemoteWebElement.java:327)
	at org.openqa.selenium.remote.RemoteWebElement.click(RemoteWebElement.java:85)
	at utility.TestViews.GetViews(TestViews.java:20)
<<<<<<< HEAD
	at test.TestMenuNG.PremiumView(TestMenuNG.java:108)
=======
	at test.TestMenuNG.PremiumView(TestMenuNG.java:105)
>>>>>>> 056f607fe04629a0da7b9108a09baadfa9722cec
	at sun.reflect.NativeMethodAccessorImpl.invoke0(Native Method)
	at sun.reflect.NativeMethodAccessorImpl.invoke(Unknown Source)
	at sun.reflect.DelegatingMethodAccessorImpl.invoke(Unknown Source)
	at java.lang.reflect.Method.invoke(Unknown Source)
<<<<<<< HEAD
	at org.testng.internal.MethodInvocationHelper.invokeMethod(MethodInvocationHelper.java:85)
	at org.testng.internal.Invoker.invokeMethod(Invoker.java:639)
	at org.testng.internal.Invoker.invokeTestMethod(Invoker.java:816)
	at org.testng.internal.Invoker.invokeTestMethods(Invoker.java:1124)
	at org.testng.internal.TestMethodWorker.invokeTestMethods(TestMethodWorker.java:125)
	at org.testng.internal.TestMethodWorker.run(TestMethodWorker.java:108)
	at org.testng.TestRunner.privateRun(TestRunner.java:774)
	at org.testng.TestRunner.run(TestRunner.java:624)
	at org.testng.SuiteRunner.runTest(SuiteRunner.java:359)
	at org.testng.SuiteRunner.runSequentially(SuiteRunner.java:354)
	at org.testng.SuiteRunner.privateRun(SuiteRunner.java:312)
	at org.testng.SuiteRunner.run(SuiteRunner.java:261)
	at org.testng.SuiteRunnerWorker.runSuite(SuiteRunnerWorker.java:52)
	at org.testng.SuiteRunnerWorker.run(SuiteRunnerWorker.java:86)
	at org.testng.TestNG.runSuitesSequentially(TestNG.java:1215)
	at org.testng.TestNG.runSuitesLocally(TestNG.java:1140)
	at org.testng.TestNG.run(TestNG.java:1048)
	at org.testng.TestNG.privateMain(TestNG.java:1355)
	at org.testng.TestNG.main(TestNG.java:1324)
=======
	at org.testng.internal.MethodInvocationHelper.invokeMethod(MethodInvocationHelper.java:100)
	at org.testng.internal.Invoker.invokeMethod(Invoker.java:646)
	at org.testng.internal.Invoker.invokeTestMethod(Invoker.java:811)
	at org.testng.internal.Invoker.invokeTestMethods(Invoker.java:1129)
	at org.testng.internal.TestMethodWorker.invokeTestMethods(TestMethodWorker.java:129)
	at org.testng.internal.TestMethodWorker.run(TestMethodWorker.java:112)
	at org.testng.TestRunner.privateRun(TestRunner.java:746)
	at org.testng.TestRunner.run(TestRunner.java:600)
	at org.testng.SuiteRunner.runTest(SuiteRunner.java:366)
	at org.testng.SuiteRunner.runSequentially(SuiteRunner.java:361)
	at org.testng.SuiteRunner.privateRun(SuiteRunner.java:319)
	at org.testng.SuiteRunner.run(SuiteRunner.java:268)
	at org.testng.SuiteRunnerWorker.runSuite(SuiteRunnerWorker.java:52)
	at org.testng.SuiteRunnerWorker.run(SuiteRunnerWorker.java:86)
	at org.testng.TestNG.runSuitesSequentially(TestNG.java:1264)
	at org.testng.TestNG.runSuitesLocally(TestNG.java:1189)
	at org.testng.TestNG.runSuites(TestNG.java:1104)
	at org.testng.TestNG.run(TestNG.java:1076)
	at org.testng.remote.AbstractRemoteTestNG.run(AbstractRemoteTestNG.java:126)
	at org.testng.remote.RemoteTestNG.initAndRun(RemoteTestNG.java:152)
	at org.testng.remote.RemoteTestNG.main(RemoteTestNG.java:57)
>>>>>>> 056f607fe04629a0da7b9108a09baadfa9722cec
]]>
            </full-stacktrace>
          </exception> <!-- org.openqa.selenium.WebDriverException -->
          <reporter-output>
          </reporter-output>
        </test-method> <!-- PremiumView -->
<<<<<<< HEAD
        <test-method status="PASS" signature="afterMethod()[pri:0, instance:test.TestMenuNG@490d6c15]" name="afterMethod" is-config="true" duration-ms="360" started-at="2016-09-21T00:01:08Z" finished-at="2016-09-21T00:01:08Z">
          <reporter-output>
          </reporter-output>
        </test-method> <!-- afterMethod -->
        <test-method status="PASS" signature="beforeMethod(java.lang.String)[pri:0, instance:test.TestMenuNG@490d6c15]" name="beforeMethod" is-config="true" duration-ms="68103" started-at="2016-09-21T00:01:08Z" finished-at="2016-09-21T00:02:16Z">
=======
        <test-method status="PASS" signature="afterMethod()[pri:0, instance:test.TestMenuNG@16905e]" name="afterMethod" is-config="true" duration-ms="77" started-at="2016-09-09T17:32:02Z" finished-at="2016-09-09T17:32:02Z">
          <reporter-output>
          </reporter-output>
        </test-method> <!-- afterMethod -->
        <test-method status="PASS" signature="beforeMethod(java.lang.String)[pri:0, instance:test.TestMenuNG@16905e]" name="beforeMethod" is-config="true" duration-ms="13279" started-at="2016-09-09T17:32:02Z" finished-at="2016-09-09T17:32:15Z">
>>>>>>> 056f607fe04629a0da7b9108a09baadfa9722cec
          <params>
            <param index="0">
              <value>
                <![CDATA[chrome]]>
              </value>
            </param>
          </params>
          <reporter-output>
          </reporter-output>
        </test-method> <!-- beforeMethod -->
<<<<<<< HEAD
        <test-method status="FAIL" signature="MvpSuite()[pri:4, instance:test.TestMenuNG@490d6c15]" name="MvpSuite" duration-ms="1098" started-at="2016-09-21T00:02:16Z" finished-at="2016-09-21T00:02:17Z">
          <exception class="org.openqa.selenium.ElementNotVisibleException">
            <message>
              <![CDATA[element not visible
  (Session info: chrome=53.0.2785.116)
  (Driver info: chromedriver=2.22.397933 (1cab651507b88dec79b2b2a22d1943c01833cc1b),platform=Windows NT 10.0.10586 x86_64) (WARNING: The server did not provide any stacktrace information)
Command duration or timeout: 132 milliseconds
Build info: version: '2.53.0', revision: '35ae25b', time: '2016-03-15 17:00:58'
System info: host: 'LAPTOP-KCS3PNGF', ip: '10.10.12.14', os.name: 'Windows 10', os.arch: 'amd64', os.version: '10.0', java.version: '1.8.0_91'
Driver info: org.openqa.selenium.chrome.ChromeDriver
Capabilities [{applicationCacheEnabled=false, rotatable=false, mobileEmulationEnabled=false, chrome={chromedriverVersion=2.22.397933 (1cab651507b88dec79b2b2a22d1943c01833cc1b), userDataDir=C:\Users\amit\AppData\Local\Temp\scoped_dir9332_19547}, takesHeapSnapshot=true, databaseEnabled=false, handlesAlerts=true, hasTouchScreen=false, version=53.0.2785.116, platform=XP, browserConnectionEnabled=false, nativeEvents=true, acceptSslCerts=true, locationContextEnabled=true, webStorageEnabled=true, browserName=chrome, takesScreenshot=true, javascriptEnabled=true, cssSelectorsEnabled=true}]
Session ID: 4e61b62cde5aa1f70e4e535035c2e4e3]]>
            </message>
            <full-stacktrace>
              <![CDATA[org.openqa.selenium.ElementNotVisibleException: element not visible
  (Session info: chrome=53.0.2785.116)
  (Driver info: chromedriver=2.22.397933 (1cab651507b88dec79b2b2a22d1943c01833cc1b),platform=Windows NT 10.0.10586 x86_64) (WARNING: The server did not provide any stacktrace information)
Command duration or timeout: 132 milliseconds
Build info: version: '2.53.0', revision: '35ae25b', time: '2016-03-15 17:00:58'
System info: host: 'LAPTOP-KCS3PNGF', ip: '10.10.12.14', os.name: 'Windows 10', os.arch: 'amd64', os.version: '10.0', java.version: '1.8.0_91'
Driver info: org.openqa.selenium.chrome.ChromeDriver
Capabilities [{applicationCacheEnabled=false, rotatable=false, mobileEmulationEnabled=false, chrome={chromedriverVersion=2.22.397933 (1cab651507b88dec79b2b2a22d1943c01833cc1b), userDataDir=C:\Users\amit\AppData\Local\Temp\scoped_dir9332_19547}, takesHeapSnapshot=true, databaseEnabled=false, handlesAlerts=true, hasTouchScreen=false, version=53.0.2785.116, platform=XP, browserConnectionEnabled=false, nativeEvents=true, acceptSslCerts=true, locationContextEnabled=true, webStorageEnabled=true, browserName=chrome, takesScreenshot=true, javascriptEnabled=true, cssSelectorsEnabled=true}]
Session ID: 4e61b62cde5aa1f70e4e535035c2e4e3
=======
        <test-method status="FAIL" signature="MvpSuite()[pri:4, instance:test.TestMenuNG@16905e]" name="MvpSuite" duration-ms="823" started-at="2016-09-09T17:32:15Z" finished-at="2016-09-09T17:32:16Z">
          <exception class="org.openqa.selenium.WebDriverException">
            <message>
              <![CDATA[unknown error: Element is not clickable at point (91, 31). Other element would receive the click: <div id="loaderBig" style="display: block; width: 1366px; height: 100%;">...</div>
  (Session info: chrome=52.0.2743.116)
  (Driver info: chromedriver=2.22.397933 (1cab651507b88dec79b2b2a22d1943c01833cc1b),platform=Windows NT 6.3.9600 x86_64) (WARNING: The server did not provide any stacktrace information)
Command duration or timeout: 26 milliseconds
Build info: version: '2.53.0', revision: '35ae25b', time: '2016-03-15 17:00:58'
System info: host: 'amit', ip: '192.168.0.13', os.name: 'Windows 8.1', os.arch: 'x86', os.version: '6.3', java.version: '1.8.0_45'
Driver info: org.openqa.selenium.chrome.ChromeDriver
Capabilities [{applicationCacheEnabled=false, rotatable=false, mobileEmulationEnabled=false, chrome={chromedriverVersion=2.22.397933 (1cab651507b88dec79b2b2a22d1943c01833cc1b), userDataDir=C:\Users\AMIT1~1\AppData\Local\Temp\scoped_dir6184_29890}, takesHeapSnapshot=true, databaseEnabled=false, handlesAlerts=true, hasTouchScreen=false, version=52.0.2743.116, platform=WIN8_1, browserConnectionEnabled=false, nativeEvents=true, acceptSslCerts=true, locationContextEnabled=true, webStorageEnabled=true, browserName=chrome, takesScreenshot=true, javascriptEnabled=true, cssSelectorsEnabled=true}]
Session ID: 7d4cf922d7b39a2d9c3bdd1c033a318a]]>
            </message>
            <full-stacktrace>
              <![CDATA[org.openqa.selenium.WebDriverException: unknown error: Element is not clickable at point (91, 31). Other element would receive the click: <div id="loaderBig" style="display: block; width: 1366px; height: 100%;">...</div>
  (Session info: chrome=52.0.2743.116)
  (Driver info: chromedriver=2.22.397933 (1cab651507b88dec79b2b2a22d1943c01833cc1b),platform=Windows NT 6.3.9600 x86_64) (WARNING: The server did not provide any stacktrace information)
Command duration or timeout: 26 milliseconds
Build info: version: '2.53.0', revision: '35ae25b', time: '2016-03-15 17:00:58'
System info: host: 'amit', ip: '192.168.0.13', os.name: 'Windows 8.1', os.arch: 'x86', os.version: '6.3', java.version: '1.8.0_45'
Driver info: org.openqa.selenium.chrome.ChromeDriver
Capabilities [{applicationCacheEnabled=false, rotatable=false, mobileEmulationEnabled=false, chrome={chromedriverVersion=2.22.397933 (1cab651507b88dec79b2b2a22d1943c01833cc1b), userDataDir=C:\Users\AMIT1~1\AppData\Local\Temp\scoped_dir6184_29890}, takesHeapSnapshot=true, databaseEnabled=false, handlesAlerts=true, hasTouchScreen=false, version=52.0.2743.116, platform=WIN8_1, browserConnectionEnabled=false, nativeEvents=true, acceptSslCerts=true, locationContextEnabled=true, webStorageEnabled=true, browserName=chrome, takesScreenshot=true, javascriptEnabled=true, cssSelectorsEnabled=true}]
Session ID: 7d4cf922d7b39a2d9c3bdd1c033a318a
>>>>>>> 056f607fe04629a0da7b9108a09baadfa9722cec
	at sun.reflect.NativeConstructorAccessorImpl.newInstance0(Native Method)
	at sun.reflect.NativeConstructorAccessorImpl.newInstance(Unknown Source)
	at sun.reflect.DelegatingConstructorAccessorImpl.newInstance(Unknown Source)
	at java.lang.reflect.Constructor.newInstance(Unknown Source)
	at org.openqa.selenium.remote.ErrorHandler.createThrowable(ErrorHandler.java:206)
	at org.openqa.selenium.remote.ErrorHandler.throwIfResponseFailed(ErrorHandler.java:158)
	at org.openqa.selenium.remote.RemoteWebDriver.execute(RemoteWebDriver.java:678)
	at org.openqa.selenium.remote.RemoteWebElement.execute(RemoteWebElement.java:327)
	at org.openqa.selenium.remote.RemoteWebElement.click(RemoteWebElement.java:85)
<<<<<<< HEAD
	at utility.TestViews.GetViews(TestViews.java:18)
	at test.TestMenuNG.MvpSuite(TestMenuNG.java:113)
=======
	at utility.TestViews.GetViews(TestViews.java:20)
	at test.TestMenuNG.MvpSuite(TestMenuNG.java:110)
>>>>>>> 056f607fe04629a0da7b9108a09baadfa9722cec
	at sun.reflect.NativeMethodAccessorImpl.invoke0(Native Method)
	at sun.reflect.NativeMethodAccessorImpl.invoke(Unknown Source)
	at sun.reflect.DelegatingMethodAccessorImpl.invoke(Unknown Source)
	at java.lang.reflect.Method.invoke(Unknown Source)
<<<<<<< HEAD
	at org.testng.internal.MethodInvocationHelper.invokeMethod(MethodInvocationHelper.java:85)
	at org.testng.internal.Invoker.invokeMethod(Invoker.java:639)
	at org.testng.internal.Invoker.invokeTestMethod(Invoker.java:816)
	at org.testng.internal.Invoker.invokeTestMethods(Invoker.java:1124)
	at org.testng.internal.TestMethodWorker.invokeTestMethods(TestMethodWorker.java:125)
	at org.testng.internal.TestMethodWorker.run(TestMethodWorker.java:108)
	at org.testng.TestRunner.privateRun(TestRunner.java:774)
	at org.testng.TestRunner.run(TestRunner.java:624)
	at org.testng.SuiteRunner.runTest(SuiteRunner.java:359)
	at org.testng.SuiteRunner.runSequentially(SuiteRunner.java:354)
	at org.testng.SuiteRunner.privateRun(SuiteRunner.java:312)
	at org.testng.SuiteRunner.run(SuiteRunner.java:261)
	at org.testng.SuiteRunnerWorker.runSuite(SuiteRunnerWorker.java:52)
	at org.testng.SuiteRunnerWorker.run(SuiteRunnerWorker.java:86)
	at org.testng.TestNG.runSuitesSequentially(TestNG.java:1215)
	at org.testng.TestNG.runSuitesLocally(TestNG.java:1140)
	at org.testng.TestNG.run(TestNG.java:1048)
	at org.testng.TestNG.privateMain(TestNG.java:1355)
	at org.testng.TestNG.main(TestNG.java:1324)
]]>
            </full-stacktrace>
          </exception> <!-- org.openqa.selenium.ElementNotVisibleException -->
          <reporter-output>
          </reporter-output>
        </test-method> <!-- MvpSuite -->
        <test-method status="PASS" signature="afterMethod()[pri:0, instance:test.TestMenuNG@490d6c15]" name="afterMethod" is-config="true" duration-ms="497" started-at="2016-09-21T00:02:17Z" finished-at="2016-09-21T00:02:18Z">
=======
	at org.testng.internal.MethodInvocationHelper.invokeMethod(MethodInvocationHelper.java:100)
	at org.testng.internal.Invoker.invokeMethod(Invoker.java:646)
	at org.testng.internal.Invoker.invokeTestMethod(Invoker.java:811)
	at org.testng.internal.Invoker.invokeTestMethods(Invoker.java:1129)
	at org.testng.internal.TestMethodWorker.invokeTestMethods(TestMethodWorker.java:129)
	at org.testng.internal.TestMethodWorker.run(TestMethodWorker.java:112)
	at org.testng.TestRunner.privateRun(TestRunner.java:746)
	at org.testng.TestRunner.run(TestRunner.java:600)
	at org.testng.SuiteRunner.runTest(SuiteRunner.java:366)
	at org.testng.SuiteRunner.runSequentially(SuiteRunner.java:361)
	at org.testng.SuiteRunner.privateRun(SuiteRunner.java:319)
	at org.testng.SuiteRunner.run(SuiteRunner.java:268)
	at org.testng.SuiteRunnerWorker.runSuite(SuiteRunnerWorker.java:52)
	at org.testng.SuiteRunnerWorker.run(SuiteRunnerWorker.java:86)
	at org.testng.TestNG.runSuitesSequentially(TestNG.java:1264)
	at org.testng.TestNG.runSuitesLocally(TestNG.java:1189)
	at org.testng.TestNG.runSuites(TestNG.java:1104)
	at org.testng.TestNG.run(TestNG.java:1076)
	at org.testng.remote.AbstractRemoteTestNG.run(AbstractRemoteTestNG.java:126)
	at org.testng.remote.RemoteTestNG.initAndRun(RemoteTestNG.java:152)
	at org.testng.remote.RemoteTestNG.main(RemoteTestNG.java:57)
]]>
            </full-stacktrace>
          </exception> <!-- org.openqa.selenium.WebDriverException -->
          <reporter-output>
          </reporter-output>
        </test-method> <!-- MvpSuite -->
        <test-method status="PASS" signature="afterMethod()[pri:0, instance:test.TestMenuNG@16905e]" name="afterMethod" is-config="true" duration-ms="79" started-at="2016-09-09T17:32:16Z" finished-at="2016-09-09T17:32:16Z">
>>>>>>> 056f607fe04629a0da7b9108a09baadfa9722cec
          <reporter-output>
          </reporter-output>
        </test-method> <!-- afterMethod -->
      </class> <!-- test.TestMenuNG -->
    </test> <!-- Chrome Test -->
<<<<<<< HEAD
    <test name="Firefox Test" duration-ms="50540" started-at="2016-09-20T18:32:19Z" finished-at="2016-09-20T18:33:10Z">
      <class name="test.TestMenuNG">
        <test-method status="FAIL" signature="beforeMethod(java.lang.String)[pri:0, instance:test.TestMenuNG@12bc6874]" name="beforeMethod" is-config="true" duration-ms="0" started-at="2016-09-21T00:02:19Z" finished-at="2016-09-21T00:02:19Z">
=======
    <test name="Firefox Test" duration-ms="46204" started-at="2016-09-09T12:02:16Z" finished-at="2016-09-09T12:03:02Z">
      <class name="test.TestMenuNG">
        <test-method status="FAIL" signature="beforeMethod(java.lang.String)[pri:0, instance:test.TestMenuNG@198378d]" name="beforeMethod" is-config="true" duration-ms="0" started-at="2016-09-09T17:32:16Z" finished-at="2016-09-09T17:32:16Z">
>>>>>>> 056f607fe04629a0da7b9108a09baadfa9722cec
          <params>
            <param index="0">
              <value>
                <![CDATA[Firefox]]>
              </value>
            </param>
          </params>
          <exception class="org.openqa.selenium.remote.SessionNotFoundException">
            <message>
              <![CDATA[no such session
<<<<<<< HEAD
  (Driver info: chromedriver=2.22.397933 (1cab651507b88dec79b2b2a22d1943c01833cc1b),platform=Windows NT 10.0.10586 x86_64) (WARNING: The server did not provide any stacktrace information)
Command duration or timeout: 9 milliseconds
=======
  (Driver info: chromedriver=2.22.397933 (1cab651507b88dec79b2b2a22d1943c01833cc1b),platform=Windows NT 6.3.9600 x86_64) (WARNING: The server did not provide any stacktrace information)
Command duration or timeout: 2 milliseconds
>>>>>>> 056f607fe04629a0da7b9108a09baadfa9722cec
Build info: version: '2.53.0', revision: '35ae25b', time: '2016-03-15 17:00:58'
System info: host: 'LAPTOP-KCS3PNGF', ip: '10.10.12.14', os.name: 'Windows 10', os.arch: 'amd64', os.version: '10.0', java.version: '1.8.0_91'
Driver info: org.openqa.selenium.chrome.ChromeDriver
<<<<<<< HEAD
Capabilities [{applicationCacheEnabled=false, rotatable=false, mobileEmulationEnabled=false, chrome={chromedriverVersion=2.22.397933 (1cab651507b88dec79b2b2a22d1943c01833cc1b), userDataDir=C:\Users\amit\AppData\Local\Temp\scoped_dir9332_19547}, takesHeapSnapshot=true, databaseEnabled=false, handlesAlerts=true, hasTouchScreen=false, version=53.0.2785.116, platform=XP, browserConnectionEnabled=false, nativeEvents=true, acceptSslCerts=true, locationContextEnabled=true, webStorageEnabled=true, browserName=chrome, takesScreenshot=true, javascriptEnabled=true, cssSelectorsEnabled=true}]
Session ID: 4e61b62cde5aa1f70e4e535035c2e4e3]]>
            </message>
            <full-stacktrace>
              <![CDATA[org.openqa.selenium.remote.SessionNotFoundException: no such session
  (Driver info: chromedriver=2.22.397933 (1cab651507b88dec79b2b2a22d1943c01833cc1b),platform=Windows NT 10.0.10586 x86_64) (WARNING: The server did not provide any stacktrace information)
Command duration or timeout: 9 milliseconds
=======
Capabilities [{applicationCacheEnabled=false, rotatable=false, mobileEmulationEnabled=false, chrome={chromedriverVersion=2.22.397933 (1cab651507b88dec79b2b2a22d1943c01833cc1b), userDataDir=C:\Users\AMIT1~1\AppData\Local\Temp\scoped_dir6184_29890}, takesHeapSnapshot=true, databaseEnabled=false, handlesAlerts=true, hasTouchScreen=false, version=52.0.2743.116, platform=WIN8_1, browserConnectionEnabled=false, nativeEvents=true, acceptSslCerts=true, locationContextEnabled=true, webStorageEnabled=true, browserName=chrome, takesScreenshot=true, javascriptEnabled=true, cssSelectorsEnabled=true}]
Session ID: 7d4cf922d7b39a2d9c3bdd1c033a318a]]>
            </message>
            <full-stacktrace>
              <![CDATA[org.openqa.selenium.remote.SessionNotFoundException: no such session
  (Driver info: chromedriver=2.22.397933 (1cab651507b88dec79b2b2a22d1943c01833cc1b),platform=Windows NT 6.3.9600 x86_64) (WARNING: The server did not provide any stacktrace information)
Command duration or timeout: 2 milliseconds
>>>>>>> 056f607fe04629a0da7b9108a09baadfa9722cec
Build info: version: '2.53.0', revision: '35ae25b', time: '2016-03-15 17:00:58'
System info: host: 'LAPTOP-KCS3PNGF', ip: '10.10.12.14', os.name: 'Windows 10', os.arch: 'amd64', os.version: '10.0', java.version: '1.8.0_91'
Driver info: org.openqa.selenium.chrome.ChromeDriver
<<<<<<< HEAD
Capabilities [{applicationCacheEnabled=false, rotatable=false, mobileEmulationEnabled=false, chrome={chromedriverVersion=2.22.397933 (1cab651507b88dec79b2b2a22d1943c01833cc1b), userDataDir=C:\Users\amit\AppData\Local\Temp\scoped_dir9332_19547}, takesHeapSnapshot=true, databaseEnabled=false, handlesAlerts=true, hasTouchScreen=false, version=53.0.2785.116, platform=XP, browserConnectionEnabled=false, nativeEvents=true, acceptSslCerts=true, locationContextEnabled=true, webStorageEnabled=true, browserName=chrome, takesScreenshot=true, javascriptEnabled=true, cssSelectorsEnabled=true}]
Session ID: 4e61b62cde5aa1f70e4e535035c2e4e3
=======
Capabilities [{applicationCacheEnabled=false, rotatable=false, mobileEmulationEnabled=false, chrome={chromedriverVersion=2.22.397933 (1cab651507b88dec79b2b2a22d1943c01833cc1b), userDataDir=C:\Users\AMIT1~1\AppData\Local\Temp\scoped_dir6184_29890}, takesHeapSnapshot=true, databaseEnabled=false, handlesAlerts=true, hasTouchScreen=false, version=52.0.2743.116, platform=WIN8_1, browserConnectionEnabled=false, nativeEvents=true, acceptSslCerts=true, locationContextEnabled=true, webStorageEnabled=true, browserName=chrome, takesScreenshot=true, javascriptEnabled=true, cssSelectorsEnabled=true}]
Session ID: 7d4cf922d7b39a2d9c3bdd1c033a318a
>>>>>>> 056f607fe04629a0da7b9108a09baadfa9722cec
	at sun.reflect.NativeConstructorAccessorImpl.newInstance0(Native Method)
	at sun.reflect.NativeConstructorAccessorImpl.newInstance(Unknown Source)
	at sun.reflect.DelegatingConstructorAccessorImpl.newInstance(Unknown Source)
	at java.lang.reflect.Constructor.newInstance(Unknown Source)
	at org.openqa.selenium.remote.ErrorHandler.createThrowable(ErrorHandler.java:206)
	at org.openqa.selenium.remote.ErrorHandler.throwIfResponseFailed(ErrorHandler.java:158)
	at org.openqa.selenium.remote.RemoteWebDriver.execute(RemoteWebDriver.java:678)
	at org.openqa.selenium.remote.RemoteWebDriver$RemoteWebDriverOptions$RemoteTimeouts.implicitlyWait(RemoteWebDriver.java:865)
<<<<<<< HEAD
	at test.TestMenuNG.beforeMethod(TestMenuNG.java:44)
=======
	at test.TestMenuNG.beforeMethod(TestMenuNG.java:41)
>>>>>>> 056f607fe04629a0da7b9108a09baadfa9722cec
	at sun.reflect.NativeMethodAccessorImpl.invoke0(Native Method)
	at sun.reflect.NativeMethodAccessorImpl.invoke(Unknown Source)
	at sun.reflect.DelegatingMethodAccessorImpl.invoke(Unknown Source)
	at java.lang.reflect.Method.invoke(Unknown Source)
	at org.testng.internal.MethodInvocationHelper.invokeMethod(MethodInvocationHelper.java:85)
	at org.testng.internal.Invoker.invokeConfigurationMethod(Invoker.java:510)
	at org.testng.internal.Invoker.invokeConfigurations(Invoker.java:211)
	at org.testng.internal.Invoker.invokeMethod(Invoker.java:585)
	at org.testng.internal.Invoker.invokeTestMethod(Invoker.java:816)
	at org.testng.internal.Invoker.invokeTestMethods(Invoker.java:1124)
	at org.testng.internal.TestMethodWorker.invokeTestMethods(TestMethodWorker.java:125)
	at org.testng.internal.TestMethodWorker.run(TestMethodWorker.java:108)
	at org.testng.TestRunner.privateRun(TestRunner.java:774)
	at org.testng.TestRunner.run(TestRunner.java:624)
	at org.testng.SuiteRunner.runTest(SuiteRunner.java:359)
	at org.testng.SuiteRunner.runSequentially(SuiteRunner.java:354)
	at org.testng.SuiteRunner.privateRun(SuiteRunner.java:312)
	at org.testng.SuiteRunner.run(SuiteRunner.java:261)
	at org.testng.SuiteRunnerWorker.runSuite(SuiteRunnerWorker.java:52)
	at org.testng.SuiteRunnerWorker.run(SuiteRunnerWorker.java:86)
	at org.testng.TestNG.runSuitesSequentially(TestNG.java:1215)
	at org.testng.TestNG.runSuitesLocally(TestNG.java:1140)
	at org.testng.TestNG.run(TestNG.java:1048)
	at org.testng.TestNG.privateMain(TestNG.java:1355)
	at org.testng.TestNG.main(TestNG.java:1324)
]]>
            </full-stacktrace>
          </exception> <!-- org.openqa.selenium.remote.SessionNotFoundException -->
          <reporter-output>
          </reporter-output>
        </test-method> <!-- beforeMethod -->
<<<<<<< HEAD
        <test-method status="SKIP" signature="TopMenuBar()[pri:0, instance:test.TestMenuNG@12bc6874]" name="TopMenuBar" duration-ms="0" started-at="2016-09-21T00:03:10Z" finished-at="2016-09-21T00:03:10Z">
          <reporter-output>
          </reporter-output>
        </test-method> <!-- TopMenuBar -->
        <test-method status="SKIP" signature="afterMethod()[pri:0, instance:test.TestMenuNG@12bc6874]" name="afterMethod" is-config="true" duration-ms="0" started-at="2016-09-21T00:03:10Z" finished-at="2016-09-21T00:03:10Z">
          <reporter-output>
          </reporter-output>
        </test-method> <!-- afterMethod -->
        <test-method status="SKIP" signature="afterMethod()[pri:0, instance:test.TestMenuNG@12bc6874]" name="afterMethod" is-config="true" duration-ms="0" started-at="2016-09-21T00:03:10Z" finished-at="2016-09-21T00:03:10Z">
          <reporter-output>
          </reporter-output>
        </test-method> <!-- afterMethod -->
        <test-method status="SKIP" signature="beforeMethod(java.lang.String)[pri:0, instance:test.TestMenuNG@12bc6874]" name="beforeMethod" is-config="true" duration-ms="0" started-at="2016-09-21T00:03:10Z" finished-at="2016-09-21T00:03:10Z">
          <reporter-output>
          </reporter-output>
        </test-method> <!-- beforeMethod -->
        <test-method status="SKIP" signature="TicketPrice()[pri:1, instance:test.TestMenuNG@12bc6874]" name="TicketPrice" duration-ms="0" started-at="2016-09-21T00:03:10Z" finished-at="2016-09-21T00:03:10Z">
          <reporter-output>
          </reporter-output>
        </test-method> <!-- TicketPrice -->
        <test-method status="SKIP" signature="beforeMethod(java.lang.String)[pri:0, instance:test.TestMenuNG@12bc6874]" name="beforeMethod" is-config="true" duration-ms="0" started-at="2016-09-21T00:03:10Z" finished-at="2016-09-21T00:03:10Z">
          <reporter-output>
          </reporter-output>
        </test-method> <!-- beforeMethod -->
        <test-method status="SKIP" signature="afterMethod()[pri:0, instance:test.TestMenuNG@12bc6874]" name="afterMethod" is-config="true" duration-ms="0" started-at="2016-09-21T00:03:10Z" finished-at="2016-09-21T00:03:10Z">
          <reporter-output>
          </reporter-output>
        </test-method> <!-- afterMethod -->
        <test-method status="SKIP" signature="MapSection()[pri:2, instance:test.TestMenuNG@12bc6874]" name="MapSection" duration-ms="0" started-at="2016-09-21T00:03:10Z" finished-at="2016-09-21T00:03:10Z">
          <reporter-output>
          </reporter-output>
        </test-method> <!-- MapSection -->
        <test-method status="SKIP" signature="PremiumView()[pri:3, instance:test.TestMenuNG@12bc6874]" name="PremiumView" duration-ms="0" started-at="2016-09-21T00:03:10Z" finished-at="2016-09-21T00:03:10Z">
          <reporter-output>
          </reporter-output>
        </test-method> <!-- PremiumView -->
        <test-method status="SKIP" signature="beforeMethod(java.lang.String)[pri:0, instance:test.TestMenuNG@12bc6874]" name="beforeMethod" is-config="true" duration-ms="0" started-at="2016-09-21T00:03:10Z" finished-at="2016-09-21T00:03:10Z">
          <reporter-output>
          </reporter-output>
        </test-method> <!-- beforeMethod -->
        <test-method status="SKIP" signature="afterMethod()[pri:0, instance:test.TestMenuNG@12bc6874]" name="afterMethod" is-config="true" duration-ms="0" started-at="2016-09-21T00:03:10Z" finished-at="2016-09-21T00:03:10Z">
          <reporter-output>
          </reporter-output>
        </test-method> <!-- afterMethod -->
        <test-method status="SKIP" signature="afterMethod()[pri:0, instance:test.TestMenuNG@12bc6874]" name="afterMethod" is-config="true" duration-ms="0" started-at="2016-09-21T00:03:10Z" finished-at="2016-09-21T00:03:10Z">
          <reporter-output>
          </reporter-output>
        </test-method> <!-- afterMethod -->
        <test-method status="SKIP" signature="MvpSuite()[pri:4, instance:test.TestMenuNG@12bc6874]" name="MvpSuite" duration-ms="0" started-at="2016-09-21T00:03:10Z" finished-at="2016-09-21T00:03:10Z">
          <reporter-output>
          </reporter-output>
        </test-method> <!-- MvpSuite -->
        <test-method status="SKIP" signature="beforeMethod(java.lang.String)[pri:0, instance:test.TestMenuNG@12bc6874]" name="beforeMethod" is-config="true" duration-ms="0" started-at="2016-09-21T00:03:10Z" finished-at="2016-09-21T00:03:10Z">
=======
        <test-method status="SKIP" signature="TopMenuBar()[pri:0, instance:test.TestMenuNG@198378d]" name="TopMenuBar" duration-ms="0" started-at="2016-09-09T17:33:02Z" finished-at="2016-09-09T17:33:02Z">
          <reporter-output>
          </reporter-output>
        </test-method> <!-- TopMenuBar -->
        <test-method status="SKIP" signature="afterMethod()[pri:0, instance:test.TestMenuNG@198378d]" name="afterMethod" is-config="true" duration-ms="0" started-at="2016-09-09T17:33:02Z" finished-at="2016-09-09T17:33:02Z">
          <reporter-output>
          </reporter-output>
        </test-method> <!-- afterMethod -->
        <test-method status="SKIP" signature="beforeMethod(java.lang.String)[pri:0, instance:test.TestMenuNG@198378d]" name="beforeMethod" is-config="true" duration-ms="0" started-at="2016-09-09T17:33:02Z" finished-at="2016-09-09T17:33:02Z">
          <reporter-output>
          </reporter-output>
        </test-method> <!-- beforeMethod -->
        <test-method status="SKIP" signature="TicketPrice()[pri:1, instance:test.TestMenuNG@198378d]" name="TicketPrice" duration-ms="0" started-at="2016-09-09T17:33:02Z" finished-at="2016-09-09T17:33:02Z">
          <reporter-output>
          </reporter-output>
        </test-method> <!-- TicketPrice -->
        <test-method status="SKIP" signature="afterMethod()[pri:0, instance:test.TestMenuNG@198378d]" name="afterMethod" is-config="true" duration-ms="0" started-at="2016-09-09T17:33:02Z" finished-at="2016-09-09T17:33:02Z">
          <reporter-output>
          </reporter-output>
        </test-method> <!-- afterMethod -->
        <test-method status="SKIP" signature="beforeMethod(java.lang.String)[pri:0, instance:test.TestMenuNG@198378d]" name="beforeMethod" is-config="true" duration-ms="0" started-at="2016-09-09T17:33:02Z" finished-at="2016-09-09T17:33:02Z">
          <reporter-output>
          </reporter-output>
        </test-method> <!-- beforeMethod -->
        <test-method status="SKIP" signature="MapSection()[pri:2, instance:test.TestMenuNG@198378d]" name="MapSection" duration-ms="1" started-at="2016-09-09T17:33:02Z" finished-at="2016-09-09T17:33:02Z">
          <reporter-output>
          </reporter-output>
        </test-method> <!-- MapSection -->
        <test-method status="SKIP" signature="afterMethod()[pri:0, instance:test.TestMenuNG@198378d]" name="afterMethod" is-config="true" duration-ms="0" started-at="2016-09-09T17:33:02Z" finished-at="2016-09-09T17:33:02Z">
          <reporter-output>
          </reporter-output>
        </test-method> <!-- afterMethod -->
        <test-method status="SKIP" signature="beforeMethod(java.lang.String)[pri:0, instance:test.TestMenuNG@198378d]" name="beforeMethod" is-config="true" duration-ms="0" started-at="2016-09-09T17:33:02Z" finished-at="2016-09-09T17:33:02Z">
          <reporter-output>
          </reporter-output>
        </test-method> <!-- beforeMethod -->
        <test-method status="SKIP" signature="PremiumView()[pri:3, instance:test.TestMenuNG@198378d]" name="PremiumView" duration-ms="0" started-at="2016-09-09T17:33:02Z" finished-at="2016-09-09T17:33:02Z">
          <reporter-output>
          </reporter-output>
        </test-method> <!-- PremiumView -->
        <test-method status="SKIP" signature="afterMethod()[pri:0, instance:test.TestMenuNG@198378d]" name="afterMethod" is-config="true" duration-ms="0" started-at="2016-09-09T17:33:02Z" finished-at="2016-09-09T17:33:02Z">
          <reporter-output>
          </reporter-output>
        </test-method> <!-- afterMethod -->
        <test-method status="SKIP" signature="beforeMethod(java.lang.String)[pri:0, instance:test.TestMenuNG@198378d]" name="beforeMethod" is-config="true" duration-ms="0" started-at="2016-09-09T17:33:02Z" finished-at="2016-09-09T17:33:02Z">
          <reporter-output>
          </reporter-output>
        </test-method> <!-- beforeMethod -->
        <test-method status="SKIP" signature="MvpSuite()[pri:4, instance:test.TestMenuNG@198378d]" name="MvpSuite" duration-ms="0" started-at="2016-09-09T17:33:02Z" finished-at="2016-09-09T17:33:02Z">
          <reporter-output>
          </reporter-output>
        </test-method> <!-- MvpSuite -->
        <test-method status="SKIP" signature="afterMethod()[pri:0, instance:test.TestMenuNG@198378d]" name="afterMethod" is-config="true" duration-ms="0" started-at="2016-09-09T17:33:02Z" finished-at="2016-09-09T17:33:02Z">
>>>>>>> 056f607fe04629a0da7b9108a09baadfa9722cec
          <reporter-output>
          </reporter-output>
        </test-method> <!-- beforeMethod -->
      </class> <!-- test.TestMenuNG -->
    </test> <!-- Firefox Test -->
<<<<<<< HEAD
    <test name="Internet Explorer Test" duration-ms="6844" started-at="2016-09-20T18:33:10Z" finished-at="2016-09-20T18:33:17Z">
      <class name="test.TestMenuNG">
        <test-method status="FAIL" signature="beforeMethod(java.lang.String)[pri:0, instance:test.TestMenuNG@5d3411d]" name="beforeMethod" is-config="true" duration-ms="0" started-at="2016-09-21T00:03:10Z" finished-at="2016-09-21T00:03:10Z">
=======
    <test name="Internet Explorer Test" duration-ms="20" started-at="2016-09-09T12:03:02Z" finished-at="2016-09-09T12:03:02Z">
      <class name="test.TestMenuNG">
        <test-method status="FAIL" signature="beforeMethod(java.lang.String)[pri:0, instance:test.TestMenuNG@d56d67]" name="beforeMethod" is-config="true" duration-ms="0" started-at="2016-09-09T17:33:02Z" finished-at="2016-09-09T17:33:02Z">
>>>>>>> 056f607fe04629a0da7b9108a09baadfa9722cec
          <params>
            <param index="0">
              <value>
                <![CDATA[IE]]>
              </value>
            </param>
          </params>
          <exception class="org.openqa.selenium.InvalidSelectorException">
            <message>
              <![CDATA[The xpath expression './/*[@id='step-one']/div/a[1]' cannot be evaluated or does notresult in a WebElement (WARNING: The server did not provide any stacktrace information)
Command duration or timeout: 2.01 seconds
For documentation on this error, please visit: http://seleniumhq.org/exceptions/invalid_selector_exception.html
Build info: version: '2.53.0', revision: '35ae25b', time: '2016-03-15 17:00:58'
System info: host: 'LAPTOP-KCS3PNGF', ip: '10.10.12.14', os.name: 'Windows 10', os.arch: 'amd64', os.version: '10.0', java.version: '1.8.0_91'
Driver info: org.openqa.selenium.ie.InternetExplorerDriver
Capabilities [{browserAttachTimeout=0, enablePersistentHover=true, ie.forceCreateProcessApi=false, ie.usePerProcessProxy=false, ignoreZoomSetting=false, handlesAlerts=true, version=11, platform=WINDOWS, nativeEvents=true, ie.ensureCleanSession=false, elementScrollBehavior=0, ie.browserCommandLineSwitches=, requireWindowFocus=false, browserName=internet explorer, initialBrowserUrl=http://localhost:33451/, takesScreenshot=true, javascriptEnabled=true, ignoreProtectedModeSettings=false, enableElementCacheCleanup=true, cssSelectorsEnabled=true, unexpectedAlertBehaviour=dismiss}]
Session ID: 56ff7178-c099-40ec-aba1-e7364d765945
*** Element info: {Using=xpath, value=.//*[@id='step-one']/div/a[1]}]]>
            </message>
            <full-stacktrace>
              <![CDATA[org.openqa.selenium.InvalidSelectorException: The xpath expression './/*[@id='step-one']/div/a[1]' cannot be evaluated or does notresult in a WebElement (WARNING: The server did not provide any stacktrace information)
Command duration or timeout: 2.01 seconds
For documentation on this error, please visit: http://seleniumhq.org/exceptions/invalid_selector_exception.html
Build info: version: '2.53.0', revision: '35ae25b', time: '2016-03-15 17:00:58'
System info: host: 'LAPTOP-KCS3PNGF', ip: '10.10.12.14', os.name: 'Windows 10', os.arch: 'amd64', os.version: '10.0', java.version: '1.8.0_91'
Driver info: org.openqa.selenium.ie.InternetExplorerDriver
Capabilities [{browserAttachTimeout=0, enablePersistentHover=true, ie.forceCreateProcessApi=false, ie.usePerProcessProxy=false, ignoreZoomSetting=false, handlesAlerts=true, version=11, platform=WINDOWS, nativeEvents=true, ie.ensureCleanSession=false, elementScrollBehavior=0, ie.browserCommandLineSwitches=, requireWindowFocus=false, browserName=internet explorer, initialBrowserUrl=http://localhost:33451/, takesScreenshot=true, javascriptEnabled=true, ignoreProtectedModeSettings=false, enableElementCacheCleanup=true, cssSelectorsEnabled=true, unexpectedAlertBehaviour=dismiss}]
Session ID: 56ff7178-c099-40ec-aba1-e7364d765945
*** Element info: {Using=xpath, value=.//*[@id='step-one']/div/a[1]}
	at sun.reflect.NativeConstructorAccessorImpl.newInstance0(Native Method)
	at sun.reflect.NativeConstructorAccessorImpl.newInstance(Unknown Source)
	at sun.reflect.DelegatingConstructorAccessorImpl.newInstance(Unknown Source)
	at java.lang.reflect.Constructor.newInstance(Unknown Source)
	at org.openqa.selenium.remote.ErrorHandler.createThrowable(ErrorHandler.java:206)
	at org.openqa.selenium.remote.ErrorHandler.throwIfResponseFailed(ErrorHandler.java:158)
	at org.openqa.selenium.remote.RemoteWebDriver.execute(RemoteWebDriver.java:678)
	at org.openqa.selenium.remote.RemoteWebDriver.findElement(RemoteWebDriver.java:363)
	at org.openqa.selenium.remote.RemoteWebDriver.findElementByXPath(RemoteWebDriver.java:500)
	at org.openqa.selenium.By$ByXPath.findElement(By.java:361)
	at org.openqa.selenium.remote.RemoteWebDriver.findElement(RemoteWebDriver.java:355)
	at utility.TestHelper.ExitButton(TestHelper.java:94)
	at test.TestMenuNG.beforeMethod(TestMenuNG.java:48)
	at sun.reflect.NativeMethodAccessorImpl.invoke0(Native Method)
	at sun.reflect.NativeMethodAccessorImpl.invoke(Unknown Source)
	at sun.reflect.DelegatingMethodAccessorImpl.invoke(Unknown Source)
	at java.lang.reflect.Method.invoke(Unknown Source)
	at org.testng.internal.MethodInvocationHelper.invokeMethod(MethodInvocationHelper.java:85)
	at org.testng.internal.Invoker.invokeConfigurationMethod(Invoker.java:510)
	at org.testng.internal.Invoker.invokeConfigurations(Invoker.java:211)
	at org.testng.internal.Invoker.invokeMethod(Invoker.java:585)
	at org.testng.internal.Invoker.invokeTestMethod(Invoker.java:816)
	at org.testng.internal.Invoker.invokeTestMethods(Invoker.java:1124)
	at org.testng.internal.TestMethodWorker.invokeTestMethods(TestMethodWorker.java:125)
	at org.testng.internal.TestMethodWorker.run(TestMethodWorker.java:108)
	at org.testng.TestRunner.privateRun(TestRunner.java:774)
	at org.testng.TestRunner.run(TestRunner.java:624)
	at org.testng.SuiteRunner.runTest(SuiteRunner.java:359)
	at org.testng.SuiteRunner.runSequentially(SuiteRunner.java:354)
	at org.testng.SuiteRunner.privateRun(SuiteRunner.java:312)
	at org.testng.SuiteRunner.run(SuiteRunner.java:261)
	at org.testng.SuiteRunnerWorker.runSuite(SuiteRunnerWorker.java:52)
	at org.testng.SuiteRunnerWorker.run(SuiteRunnerWorker.java:86)
	at org.testng.TestNG.runSuitesSequentially(TestNG.java:1215)
	at org.testng.TestNG.runSuitesLocally(TestNG.java:1140)
	at org.testng.TestNG.run(TestNG.java:1048)
	at org.testng.TestNG.privateMain(TestNG.java:1355)
	at org.testng.TestNG.main(TestNG.java:1324)
]]>
            </full-stacktrace>
          </exception> <!-- org.openqa.selenium.InvalidSelectorException -->
          <reporter-output>
          </reporter-output>
        </test-method> <!-- beforeMethod -->
        <test-method status="SKIP" signature="beforeMethod(java.lang.String)[pri:0, instance:test.TestMenuNG@5d3411d]" name="beforeMethod" is-config="true" duration-ms="0" started-at="2016-09-21T00:03:17Z" finished-at="2016-09-21T00:03:17Z">
          <reporter-output>
          </reporter-output>
        </test-method> <!-- beforeMethod -->
<<<<<<< HEAD
        <test-method status="SKIP" signature="TopMenuBar()[pri:0, instance:test.TestMenuNG@5d3411d]" name="TopMenuBar" duration-ms="0" started-at="2016-09-21T00:03:17Z" finished-at="2016-09-21T00:03:17Z">
          <reporter-output>
          </reporter-output>
        </test-method> <!-- TopMenuBar -->
        <test-method status="SKIP" signature="afterMethod()[pri:0, instance:test.TestMenuNG@5d3411d]" name="afterMethod" is-config="true" duration-ms="0" started-at="2016-09-21T00:03:17Z" finished-at="2016-09-21T00:03:17Z">
          <reporter-output>
          </reporter-output>
        </test-method> <!-- afterMethod -->
        <test-method status="SKIP" signature="afterMethod()[pri:0, instance:test.TestMenuNG@5d3411d]" name="afterMethod" is-config="true" duration-ms="0" started-at="2016-09-21T00:03:17Z" finished-at="2016-09-21T00:03:17Z">
          <reporter-output>
          </reporter-output>
        </test-method> <!-- afterMethod -->
        <test-method status="SKIP" signature="beforeMethod(java.lang.String)[pri:0, instance:test.TestMenuNG@5d3411d]" name="beforeMethod" is-config="true" duration-ms="0" started-at="2016-09-21T00:03:17Z" finished-at="2016-09-21T00:03:17Z">
          <reporter-output>
          </reporter-output>
        </test-method> <!-- beforeMethod -->
        <test-method status="SKIP" signature="afterMethod()[pri:0, instance:test.TestMenuNG@5d3411d]" name="afterMethod" is-config="true" duration-ms="0" started-at="2016-09-21T00:03:17Z" finished-at="2016-09-21T00:03:17Z">
          <reporter-output>
          </reporter-output>
        </test-method> <!-- afterMethod -->
        <test-method status="SKIP" signature="MapSection()[pri:2, instance:test.TestMenuNG@5d3411d]" name="MapSection" duration-ms="0" started-at="2016-09-21T00:03:17Z" finished-at="2016-09-21T00:03:17Z">
          <reporter-output>
          </reporter-output>
        </test-method> <!-- MapSection -->
        <test-method status="SKIP" signature="TicketPrice()[pri:1, instance:test.TestMenuNG@5d3411d]" name="TicketPrice" duration-ms="0" started-at="2016-09-21T00:03:17Z" finished-at="2016-09-21T00:03:17Z">
          <reporter-output>
          </reporter-output>
        </test-method> <!-- TicketPrice -->
        <test-method status="SKIP" signature="afterMethod()[pri:0, instance:test.TestMenuNG@5d3411d]" name="afterMethod" is-config="true" duration-ms="0" started-at="2016-09-21T00:03:17Z" finished-at="2016-09-21T00:03:17Z">
          <reporter-output>
          </reporter-output>
        </test-method> <!-- afterMethod -->
        <test-method status="SKIP" signature="beforeMethod(java.lang.String)[pri:0, instance:test.TestMenuNG@5d3411d]" name="beforeMethod" is-config="true" duration-ms="0" started-at="2016-09-21T00:03:17Z" finished-at="2016-09-21T00:03:17Z">
          <reporter-output>
          </reporter-output>
        </test-method> <!-- beforeMethod -->
        <test-method status="SKIP" signature="beforeMethod(java.lang.String)[pri:0, instance:test.TestMenuNG@5d3411d]" name="beforeMethod" is-config="true" duration-ms="0" started-at="2016-09-21T00:03:17Z" finished-at="2016-09-21T00:03:17Z">
          <reporter-output>
          </reporter-output>
        </test-method> <!-- beforeMethod -->
        <test-method status="SKIP" signature="MvpSuite()[pri:4, instance:test.TestMenuNG@5d3411d]" name="MvpSuite" duration-ms="1" started-at="2016-09-21T00:03:17Z" finished-at="2016-09-21T00:03:17Z">
          <reporter-output>
          </reporter-output>
        </test-method> <!-- MvpSuite -->
        <test-method status="SKIP" signature="PremiumView()[pri:3, instance:test.TestMenuNG@5d3411d]" name="PremiumView" duration-ms="0" started-at="2016-09-21T00:03:17Z" finished-at="2016-09-21T00:03:17Z">
          <reporter-output>
          </reporter-output>
        </test-method> <!-- PremiumView -->
        <test-method status="SKIP" signature="afterMethod()[pri:0, instance:test.TestMenuNG@5d3411d]" name="afterMethod" is-config="true" duration-ms="0" started-at="2016-09-21T00:03:17Z" finished-at="2016-09-21T00:03:17Z">
=======
        <test-method status="SKIP" signature="TopMenuBar()[pri:0, instance:test.TestMenuNG@d56d67]" name="TopMenuBar" duration-ms="0" started-at="2016-09-09T17:33:02Z" finished-at="2016-09-09T17:33:02Z">
          <reporter-output>
          </reporter-output>
        </test-method> <!-- TopMenuBar -->
        <test-method status="SKIP" signature="afterMethod()[pri:0, instance:test.TestMenuNG@d56d67]" name="afterMethod" is-config="true" duration-ms="0" started-at="2016-09-09T17:33:02Z" finished-at="2016-09-09T17:33:02Z">
          <reporter-output>
          </reporter-output>
        </test-method> <!-- afterMethod -->
        <test-method status="SKIP" signature="beforeMethod(java.lang.String)[pri:0, instance:test.TestMenuNG@d56d67]" name="beforeMethod" is-config="true" duration-ms="0" started-at="2016-09-09T17:33:02Z" finished-at="2016-09-09T17:33:02Z">
          <reporter-output>
          </reporter-output>
        </test-method> <!-- beforeMethod -->
        <test-method status="SKIP" signature="TicketPrice()[pri:1, instance:test.TestMenuNG@d56d67]" name="TicketPrice" duration-ms="0" started-at="2016-09-09T17:33:02Z" finished-at="2016-09-09T17:33:02Z">
          <reporter-output>
          </reporter-output>
        </test-method> <!-- TicketPrice -->
        <test-method status="SKIP" signature="afterMethod()[pri:0, instance:test.TestMenuNG@d56d67]" name="afterMethod" is-config="true" duration-ms="0" started-at="2016-09-09T17:33:02Z" finished-at="2016-09-09T17:33:02Z">
          <reporter-output>
          </reporter-output>
        </test-method> <!-- afterMethod -->
        <test-method status="SKIP" signature="MapSection()[pri:2, instance:test.TestMenuNG@d56d67]" name="MapSection" duration-ms="1" started-at="2016-09-09T17:33:02Z" finished-at="2016-09-09T17:33:02Z">
          <reporter-output>
          </reporter-output>
        </test-method> <!-- MapSection -->
        <test-method status="SKIP" signature="beforeMethod(java.lang.String)[pri:0, instance:test.TestMenuNG@d56d67]" name="beforeMethod" is-config="true" duration-ms="0" started-at="2016-09-09T17:33:02Z" finished-at="2016-09-09T17:33:02Z">
          <reporter-output>
          </reporter-output>
        </test-method> <!-- beforeMethod -->
        <test-method status="SKIP" signature="afterMethod()[pri:0, instance:test.TestMenuNG@d56d67]" name="afterMethod" is-config="true" duration-ms="0" started-at="2016-09-09T17:33:02Z" finished-at="2016-09-09T17:33:02Z">
          <reporter-output>
          </reporter-output>
        </test-method> <!-- afterMethod -->
        <test-method status="SKIP" signature="PremiumView()[pri:3, instance:test.TestMenuNG@d56d67]" name="PremiumView" duration-ms="1" started-at="2016-09-09T17:33:02Z" finished-at="2016-09-09T17:33:02Z">
          <reporter-output>
          </reporter-output>
        </test-method> <!-- PremiumView -->
        <test-method status="SKIP" signature="beforeMethod(java.lang.String)[pri:0, instance:test.TestMenuNG@d56d67]" name="beforeMethod" is-config="true" duration-ms="0" started-at="2016-09-09T17:33:02Z" finished-at="2016-09-09T17:33:02Z">
          <reporter-output>
          </reporter-output>
        </test-method> <!-- beforeMethod -->
        <test-method status="SKIP" signature="afterMethod()[pri:0, instance:test.TestMenuNG@d56d67]" name="afterMethod" is-config="true" duration-ms="0" started-at="2016-09-09T17:33:02Z" finished-at="2016-09-09T17:33:02Z">
          <reporter-output>
          </reporter-output>
        </test-method> <!-- afterMethod -->
        <test-method status="SKIP" signature="beforeMethod(java.lang.String)[pri:0, instance:test.TestMenuNG@d56d67]" name="beforeMethod" is-config="true" duration-ms="0" started-at="2016-09-09T17:33:02Z" finished-at="2016-09-09T17:33:02Z">
          <reporter-output>
          </reporter-output>
        </test-method> <!-- beforeMethod -->
        <test-method status="SKIP" signature="MvpSuite()[pri:4, instance:test.TestMenuNG@d56d67]" name="MvpSuite" duration-ms="1" started-at="2016-09-09T17:33:02Z" finished-at="2016-09-09T17:33:02Z">
          <reporter-output>
          </reporter-output>
        </test-method> <!-- MvpSuite -->
        <test-method status="SKIP" signature="afterMethod()[pri:0, instance:test.TestMenuNG@d56d67]" name="afterMethod" is-config="true" duration-ms="0" started-at="2016-09-09T17:33:02Z" finished-at="2016-09-09T17:33:02Z">
>>>>>>> 056f607fe04629a0da7b9108a09baadfa9722cec
          <reporter-output>
          </reporter-output>
        </test-method> <!-- afterMethod -->
      </class> <!-- test.TestMenuNG -->
    </test> <!-- Internet Explorer Test -->
  </suite> <!-- TestSuite -->
</testng-results>
