<html>
<head>
<title>TestNG:  Firefox Test</title>
<link href="../testng.css" rel="stylesheet" type="text/css" />
<link href="../my-testng.css" rel="stylesheet" type="text/css" />

<style type="text/css">
.log { display: none;} 
.stack-trace { display: none;} 
</style>
<script type="text/javascript">
<!--
function flip(e) {
  current = e.style.display;
  if (current == 'block') {
    e.style.display = 'none';
    return 0;
  }
  else {
    e.style.display = 'block';
    return 1;
  }
}

function toggleBox(szDivId, elem, msg1, msg2)
{
  var res = -1;  if (document.getElementById) {
    res = flip(document.getElementById(szDivId));
  }
  else if (document.all) {
    // this is the way old msie versions work
    res = flip(document.all[szDivId]);
  }
  if(elem) {
    if(res == 0) elem.innerHTML = msg1; else elem.innerHTML = msg2;
  }

}

function toggleAllBoxes() {
  if (document.getElementsByTagName) {
    d = document.getElementsByTagName('div');
    for (i = 0; i < d.length; i++) {
      if (d[i].className == 'log') {
        flip(d[i]);
      }
    }
  }
}

// -->
</script>

</head>
<body>
<h2 align='center'>Firefox Test</h2><table border='1' align="center">
<tr>
<td>Tests passed/Failed/Skipped:</td><td>0/0/5</td>
</tr><tr>
<td>Started on:</td><td>Wed Sep 21 00:23:57 IST 2016</td>
</tr>
<tr><td>Total time:</td><td>47 seconds (47747 ms)</td>
</tr><tr>
<td>Included groups:</td><td></td>
</tr><tr>
<td>Excluded groups:</td><td></td>
</tr>
</table><p/>
<small><i>(Hover the method name to see the test class name)</i></small><p/>
<table width='100%' border='1' class='invocation-failed'>
<tr><td colspan='4' align='center'><b>FAILED CONFIGURATIONS</b></td></tr>
<tr><td><b>Test method</b></td>
<td width="30%"><b>Exception</b></td>
<td width="10%"><b>Time (seconds)</b></td>
<td><b>Instance</b></td>
</tr>
<tr>
<td title='test.TestMenuNG.beforeMethod()'><b>beforeMethod</b><br>Test class: test.TestMenuNG<br>Parameters: Firefox</td>
<td><div><pre>org.openqa.selenium.NoSuchWindowException: no such window: target window already closed
from unknown error: web view not found
  (Session info: chrome=53.0.2785.116)
  (Driver info: chromedriver=2.22.397933 (1cab651507b88dec79b2b2a22d1943c01833cc1b),platform=Windows NT 10.0.10586 x86_64) (WARNING: The server did not provide any stacktrace information)
Command duration or timeout: 7 milliseconds
Build info: version: &apos;2.53.0&apos;, revision: &apos;35ae25b&apos;, time: &apos;2016-03-15 17:00:58&apos;
System info: host: &apos;LAPTOP-KCS3PNGF&apos;, ip: &apos;10.10.12.14&apos;, os.name: &apos;Windows 10&apos;, os.arch: &apos;amd64&apos;, os.version: &apos;10.0&apos;, java.version: &apos;1.8.0_91&apos;
Driver info: org.openqa.selenium.chrome.ChromeDriver
Capabilities [{applicationCacheEnabled=false, rotatable=false, mobileEmulationEnabled=false, chrome={chromedriverVersion=2.22.397933 (1cab651507b88dec79b2b2a22d1943c01833cc1b), userDataDir=C:\Users\amit\AppData\Local\Temp\scoped_dir11144_17783}, takesHeapSnapshot=true, databaseEnabled=false, handlesAlerts=true, hasTouchScreen=false, version=53.0.2785.116, platform=XP, browserConnectionEnabled=false, nativeEvents=true, acceptSslCerts=true, locationContextEnabled=true, webStorageEnabled=true, browserName=chrome, takesScreenshot=true, javascriptEnabled=true, cssSelectorsEnabled=true}]
Session ID: 502496b2198f83db788a70a5d3bbeba6
	at org.openqa.selenium.remote.ErrorHandler.createThrowable(ErrorHandler.java:206)
	at org.openqa.selenium.remote.ErrorHandler.throwIfResponseFailed(ErrorHandler.java:158)
	at org.openqa.selenium.remote.RemoteWebDriver.execute(RemoteWebDriver.java:678)
	at org.openqa.selenium.remote.RemoteWebDriver.get(RemoteWebDriver.java:316)
	at org.openqa.selenium.remote.RemoteWebDriver$RemoteNavigation.to(RemoteWebDriver.java:969)
	at test.TestMenuNG.beforeMethod(TestMenuNG.java:45)
... Removed 29 stack frames</pre></div><a href='#' onClick='toggleBox("stack-trace259219561", this, "Click to show all stack frames", "Click to hide stack frames")'>Click to show all stack frames</a>
<div class='stack-trace' id='stack-trace259219561'><pre>org.openqa.selenium.NoSuchWindowException: no such window: target window already closed
from unknown error: web view not found
  (Session info: chrome=53.0.2785.116)
  (Driver info: chromedriver=2.22.397933 (1cab651507b88dec79b2b2a22d1943c01833cc1b),platform=Windows NT 10.0.10586 x86_64) (WARNING: The server did not provide any stacktrace information)
Command duration or timeout: 7 milliseconds
Build info: version: &apos;2.53.0&apos;, revision: &apos;35ae25b&apos;, time: &apos;2016-03-15 17:00:58&apos;
System info: host: &apos;LAPTOP-KCS3PNGF&apos;, ip: &apos;10.10.12.14&apos;, os.name: &apos;Windows 10&apos;, os.arch: &apos;amd64&apos;, os.version: &apos;10.0&apos;, java.version: &apos;1.8.0_91&apos;
Driver info: org.openqa.selenium.chrome.ChromeDriver
Capabilities [{applicationCacheEnabled=false, rotatable=false, mobileEmulationEnabled=false, chrome={chromedriverVersion=2.22.397933 (1cab651507b88dec79b2b2a22d1943c01833cc1b), userDataDir=C:\Users\amit\AppData\Local\Temp\scoped_dir11144_17783}, takesHeapSnapshot=true, databaseEnabled=false, handlesAlerts=true, hasTouchScreen=false, version=53.0.2785.116, platform=XP, browserConnectionEnabled=false, nativeEvents=true, acceptSslCerts=true, locationContextEnabled=true, webStorageEnabled=true, browserName=chrome, takesScreenshot=true, javascriptEnabled=true, cssSelectorsEnabled=true}]
Session ID: 502496b2198f83db788a70a5d3bbeba6
	at sun.reflect.NativeConstructorAccessorImpl.newInstance0(Native Method)
	at sun.reflect.NativeConstructorAccessorImpl.newInstance(Unknown Source)
	at sun.reflect.DelegatingConstructorAccessorImpl.newInstance(Unknown Source)
	at java.lang.reflect.Constructor.newInstance(Unknown Source)
	at org.openqa.selenium.remote.ErrorHandler.createThrowable(ErrorHandler.java:206)
	at org.openqa.selenium.remote.ErrorHandler.throwIfResponseFailed(ErrorHandler.java:158)
	at org.openqa.selenium.remote.RemoteWebDriver.execute(RemoteWebDriver.java:678)
	at org.openqa.selenium.remote.RemoteWebDriver.get(RemoteWebDriver.java:316)
	at org.openqa.selenium.remote.RemoteWebDriver$RemoteNavigation.to(RemoteWebDriver.java:969)
	at test.TestMenuNG.beforeMethod(TestMenuNG.java:45)
	at sun.reflect.NativeMethodAccessorImpl.invoke0(Native Method)
	at sun.reflect.NativeMethodAccessorImpl.invoke(Unknown Source)
	at sun.reflect.DelegatingMethodAccessorImpl.invoke(Unknown Source)
	at java.lang.reflect.Method.invoke(Unknown Source)
	at org.testng.internal.MethodInvocationHelper.invokeMethod(MethodInvocationHelper.java:85)
	at org.testng.internal.Invoker.invokeConfigurationMethod(Invoker.java:510)
	at org.testng.internal.Invoker.invokeConfigurations(Invoker.java:211)
	at org.testng.internal.Invoker.invokeMethod(Invoker.java:585)
	at org.testng.internal.Invoker.invokeTestMethod(Invoker.java:816)
	at org.testng.internal.Invoker.invokeTestMethods(Invoker.java:1124)
	at org.testng.internal.TestMethodWorker.invokeTestMethods(TestMethodWorker.java:125)
	at org.testng.internal.TestMethodWorker.run(TestMethodWorker.java:108)
	at org.testng.TestRunner.privateRun(TestRunner.java:774)
	at org.testng.TestRunner.run(TestRunner.java:624)
	at org.testng.SuiteRunner.runTest(SuiteRunner.java:359)
	at org.testng.SuiteRunner.runSequentially(SuiteRunner.java:354)
	at org.testng.SuiteRunner.privateRun(SuiteRunner.java:312)
	at org.testng.SuiteRunner.run(SuiteRunner.java:261)
	at org.testng.SuiteRunnerWorker.runSuite(SuiteRunnerWorker.java:52)
	at org.testng.SuiteRunnerWorker.run(SuiteRunnerWorker.java:86)
	at org.testng.TestNG.runSuitesSequentially(TestNG.java:1215)
	at org.testng.TestNG.runSuitesLocally(TestNG.java:1140)
	at org.testng.TestNG.run(TestNG.java:1048)
	at org.testng.TestNG.privateMain(TestNG.java:1355)
	at org.testng.TestNG.main(TestNG.java:1324)
</pre></div></td>
<td>0</td>
<td>test.TestMenuNG@12bc6874</td></tr>
</table><p>
<table width='100%' border='1' class='invocation-skipped'>
<tr><td colspan='4' align='center'><b>SKIPPED CONFIGURATIONS</b></td></tr>
<tr><td><b>Test method</b></td>
<td width="30%"><b>Exception</b></td>
<td width="10%"><b>Time (seconds)</b></td>
<td><b>Instance</b></td>
</tr>
<tr>
<td title='test.TestMenuNG.beforeMethod()'><b>beforeMethod</b><br>Test class: test.TestMenuNG</td>
<td></td>
<td>0</td>
<td>test.TestMenuNG@12bc6874</td></tr>
<tr>
<td title='test.TestMenuNG.beforeMethod()'><b>beforeMethod</b><br>Test class: test.TestMenuNG</td>
<td></td>
<td>0</td>
<td>test.TestMenuNG@12bc6874</td></tr>
<tr>
<td title='test.TestMenuNG.beforeMethod()'><b>beforeMethod</b><br>Test class: test.TestMenuNG</td>
<td></td>
<td>0</td>
<td>test.TestMenuNG@12bc6874</td></tr>
<tr>
<td title='test.TestMenuNG.beforeMethod()'><b>beforeMethod</b><br>Test class: test.TestMenuNG</td>
<td></td>
<td>0</td>
<td>test.TestMenuNG@12bc6874</td></tr>
<tr>
<td title='test.TestMenuNG.afterMethod()'><b>afterMethod</b><br>Test class: test.TestMenuNG</td>
<td></td>
<td>0</td>
<td>test.TestMenuNG@12bc6874</td></tr>
<tr>
<td title='test.TestMenuNG.afterMethod()'><b>afterMethod</b><br>Test class: test.TestMenuNG</td>
<td></td>
<td>0</td>
<td>test.TestMenuNG@12bc6874</td></tr>
<tr>
<td title='test.TestMenuNG.afterMethod()'><b>afterMethod</b><br>Test class: test.TestMenuNG</td>
<td></td>
<td>0</td>
<td>test.TestMenuNG@12bc6874</td></tr>
<tr>
<td title='test.TestMenuNG.afterMethod()'><b>afterMethod</b><br>Test class: test.TestMenuNG</td>
<td></td>
<td>0</td>
<td>test.TestMenuNG@12bc6874</td></tr>
<tr>
<td title='test.TestMenuNG.afterMethod()'><b>afterMethod</b><br>Test class: test.TestMenuNG</td>
<td></td>
<td>0</td>
<td>test.TestMenuNG@12bc6874</td></tr>
</table><p>
<table width='100%' border='1' class='invocation-skipped'>
<tr><td colspan='4' align='center'><b>SKIPPED TESTS</b></td></tr>
<tr><td><b>Test method</b></td>
<td width="30%"><b>Exception</b></td>
<td width="10%"><b>Time (seconds)</b></td>
<td><b>Instance</b></td>
</tr>
<tr>
<td title='test.TestMenuNG.MapSection()'><b>MapSection</b><br>Test class: test.TestMenuNG</td>
<td></td>
<td>0</td>
<td>test.TestMenuNG@12bc6874</td></tr>
<tr>
<td title='test.TestMenuNG.MvpSuite()'><b>MvpSuite</b><br>Test class: test.TestMenuNG</td>
<td></td>
<td>0</td>
<td>test.TestMenuNG@12bc6874</td></tr>
<tr>
<td title='test.TestMenuNG.PremiumView()'><b>PremiumView</b><br>Test class: test.TestMenuNG</td>
<td></td>
<td>0</td>
<td>test.TestMenuNG@12bc6874</td></tr>
<tr>
<td title='test.TestMenuNG.TicketPrice()'><b>TicketPrice</b><br>Test class: test.TestMenuNG</td>
<td></td>
<td>0</td>
<td>test.TestMenuNG@12bc6874</td></tr>
<tr>
<td title='test.TestMenuNG.TopMenuBar()'><b>TopMenuBar</b><br>Test class: test.TestMenuNG</td>
<td></td>
<td>0</td>
<td>test.TestMenuNG@12bc6874</td></tr>
</table><p>
</body>
</html>