<?xml version="1.0" encoding="UTF-8"?>
<!-- Generated by org.testng.reporters.JUnitXMLReporter -->
<<<<<<< HEAD
<testsuite hostname="LAPTOP-KCS3PNGF" name="Internet Explorer Test" tests="5" failures="0" timestamp="20 Sep 2016 18:33:17 GMT" time="6.844" errors="0">
=======
<testsuite hostname="amit" name="Internet Explorer Test" tests="5" failures="0" timestamp="9 Sep 2016 12:03:02 GMT" time="0.02" errors="0">
>>>>>>> 056f607fe04629a0da7b9108a09baadfa9722cec
  <testcase name="@BeforeMethod beforeMethod" time="0.0" classname="test.TestMenuNG">
    <failure type="org.openqa.selenium.InvalidSelectorException" message="The xpath expression &amp;apos;.//*[@id=&amp;apos;step-one&amp;apos;]/div/a[1]&amp;apos; cannot be evaluated or does notresult in a WebElement (WARNING: The server did not provide any stacktrace information)
Command duration or timeout: 2.01 seconds
For documentation on this error, please visit: http://seleniumhq.org/exceptions/invalid_selector_exception.html
Build info: version: &amp;apos;2.53.0&amp;apos;, revision: &amp;apos;35ae25b&amp;apos;, time: &amp;apos;2016-03-15 17:00:58&amp;apos;
System info: host: &amp;apos;LAPTOP-KCS3PNGF&amp;apos;, ip: &amp;apos;10.10.12.14&amp;apos;, os.name: &amp;apos;Windows 10&amp;apos;, os.arch: &amp;apos;amd64&amp;apos;, os.version: &amp;apos;10.0&amp;apos;, java.version: &amp;apos;1.8.0_91&amp;apos;
Driver info: org.openqa.selenium.ie.InternetExplorerDriver
Capabilities [{browserAttachTimeout=0, enablePersistentHover=true, ie.forceCreateProcessApi=false, ie.usePerProcessProxy=false, ignoreZoomSetting=false, handlesAlerts=true, version=11, platform=WINDOWS, nativeEvents=true, ie.ensureCleanSession=false, elementScrollBehavior=0, ie.browserCommandLineSwitches=, requireWindowFocus=false, browserName=internet explorer, initialBrowserUrl=http://localhost:33451/, takesScreenshot=true, javascriptEnabled=true, ignoreProtectedModeSettings=false, enableElementCacheCleanup=true, cssSelectorsEnabled=true, unexpectedAlertBehaviour=dismiss}]
Session ID: 56ff7178-c099-40ec-aba1-e7364d765945
*** Element info: {Using=xpath, value=.//*[@id=&amp;apos;step-one&amp;apos;]/div/a[1]}">
      <![CDATA[org.openqa.selenium.InvalidSelectorException: The xpath expression './/*[@id='step-one']/div/a[1]' cannot be evaluated or does notresult in a WebElement (WARNING: The server did not provide any stacktrace information)
Command duration or timeout: 2.01 seconds
For documentation on this error, please visit: http://seleniumhq.org/exceptions/invalid_selector_exception.html
Build info: version: '2.53.0', revision: '35ae25b', time: '2016-03-15 17:00:58'
System info: host: 'LAPTOP-KCS3PNGF', ip: '10.10.12.14', os.name: 'Windows 10', os.arch: 'amd64', os.version: '10.0', java.version: '1.8.0_91'
Driver info: org.openqa.selenium.ie.InternetExplorerDriver
Capabilities [{browserAttachTimeout=0, enablePersistentHover=true, ie.forceCreateProcessApi=false, ie.usePerProcessProxy=false, ignoreZoomSetting=false, handlesAlerts=true, version=11, platform=WINDOWS, nativeEvents=true, ie.ensureCleanSession=false, elementScrollBehavior=0, ie.browserCommandLineSwitches=, requireWindowFocus=false, browserName=internet explorer, initialBrowserUrl=http://localhost:33451/, takesScreenshot=true, javascriptEnabled=true, ignoreProtectedModeSettings=false, enableElementCacheCleanup=true, cssSelectorsEnabled=true, unexpectedAlertBehaviour=dismiss}]
Session ID: 56ff7178-c099-40ec-aba1-e7364d765945
*** Element info: {Using=xpath, value=.//*[@id='step-one']/div/a[1]}
	at org.openqa.selenium.remote.ErrorHandler.createThrowable(ErrorHandler.java:206)
	at org.openqa.selenium.remote.ErrorHandler.throwIfResponseFailed(ErrorHandler.java:158)
	at org.openqa.selenium.remote.RemoteWebDriver.execute(RemoteWebDriver.java:678)
	at org.openqa.selenium.remote.RemoteWebDriver.findElement(RemoteWebDriver.java:363)
	at org.openqa.selenium.remote.RemoteWebDriver.findElementByXPath(RemoteWebDriver.java:500)
	at org.openqa.selenium.By$ByXPath.findElement(By.java:361)
	at org.openqa.selenium.remote.RemoteWebDriver.findElement(RemoteWebDriver.java:355)
	at utility.TestHelper.ExitButton(TestHelper.java:94)
	at test.TestMenuNG.beforeMethod(TestMenuNG.java:48)
... Removed 29 stack frames]]>
    </failure>
  </testcase> <!-- @BeforeMethod beforeMethod -->
  <testcase name="@AfterMethod afterMethod" time="0.0" classname="test.TestMenuNG">
    <skipped/>
  </testcase> <!-- @AfterMethod afterMethod -->
  <testcase name="@BeforeMethod beforeMethod" time="0.0" classname="test.TestMenuNG">
    <skipped/>
  </testcase> <!-- @BeforeMethod beforeMethod -->
  <testcase name="@AfterMethod afterMethod" time="0.0" classname="test.TestMenuNG">
    <skipped/>
  </testcase> <!-- @AfterMethod afterMethod -->
  <testcase name="@BeforeMethod beforeMethod" time="0.0" classname="test.TestMenuNG">
    <skipped/>
  </testcase> <!-- @BeforeMethod beforeMethod -->
  <testcase name="@AfterMethod afterMethod" time="0.0" classname="test.TestMenuNG">
    <skipped/>
  </testcase> <!-- @AfterMethod afterMethod -->
  <testcase name="@BeforeMethod beforeMethod" time="0.0" classname="test.TestMenuNG">
    <skipped/>
  </testcase> <!-- @BeforeMethod beforeMethod -->
  <testcase name="@AfterMethod afterMethod" time="0.0" classname="test.TestMenuNG">
    <skipped/>
  </testcase> <!-- @AfterMethod afterMethod -->
  <testcase name="@BeforeMethod beforeMethod" time="0.0" classname="test.TestMenuNG">
    <skipped/>
  </testcase> <!-- @BeforeMethod beforeMethod -->
  <testcase name="@AfterMethod afterMethod" time="0.0" classname="test.TestMenuNG">
    <skipped/>
  </testcase> <!-- @AfterMethod afterMethod -->
  <testcase name="TopMenuBar" time="0.0" classname="test.TestMenuNG">
    <skipped/>
  </testcase> <!-- TopMenuBar -->
  <testcase name="TicketPrice" time="0.0" classname="test.TestMenuNG">
    <skipped/>
  </testcase> <!-- TicketPrice -->
  <testcase name="MapSection" time="0.0" classname="test.TestMenuNG">
    <skipped/>
  </testcase> <!-- MapSection -->
  <testcase name="PremiumView" time="0.001" classname="test.TestMenuNG">
    <skipped/>
  </testcase> <!-- PremiumView -->
  <testcase name="MvpSuite" time="0.001" classname="test.TestMenuNG">
    <skipped/>
  </testcase> <!-- MvpSuite -->
</testsuite> <!-- Internet Explorer Test -->
